2014-05-13 16:04:55 [127.0.0.1][-][-][error][yii\base\InvalidParamException] exception 'yii\base\InvalidParamException' with message 'The file or directory to be published does not exist: /var/www/html/composeryiitwodemo/front/app/vendor/yiisoft/jquery' in /var/www/html/composeryiitwodemo/vendor/yiisoft/yii2/web/AssetManager.php:238
Stack trace:
#0 /var/www/html/composeryiitwodemo/vendor/yiisoft/yii2/web/AssetBundle.php(170): yii\web\AssetManager->publish('/var/www/html/c...', Array)
#1 /var/www/html/composeryiitwodemo/vendor/yiisoft/yii2/web/AssetManager.php(143): yii\web\AssetBundle->publish(Object(yii\web\AssetManager))
#2 /var/www/html/composeryiitwodemo/vendor/yiisoft/yii2/web/View.php(281): yii\web\AssetManager->getBundle('yii\web\JqueryA...')
#3 /var/www/html/composeryiitwodemo/vendor/yiisoft/yii2/web/View.php(286): yii\web\View->registerAssetBundle('yii\web\JqueryA...', NULL)
#4 /var/www/html/composeryiitwodemo/vendor/yiisoft/yii2/web/View.php(286): yii\web\View->registerAssetBundle('yii\web\YiiAsse...', NULL)
#5 /var/www/html/composeryiitwodemo/vendor/yiisoft/yii2/web/AssetBundle.php(119): yii\web\View->registerAssetBundle('app\assets\AppA...')
#6 /var/www/html/composeryiitwodemo/front/app/views/layouts/main.php(12): yii\web\AssetBundle::register(Object(yii\web\View))
#7 /var/www/html/composeryiitwodemo/vendor/yiisoft/yii2/base/View.php(313): require('/var/www/html/c...')
#8 /var/www/html/composeryiitwodemo/vendor/yiisoft/yii2/base/View.php(245): yii\base\View->renderPhpFile('/var/www/html/c...', Array)
#9 /var/www/html/composeryiitwodemo/vendor/yiisoft/yii2/base/Controller.php(365): yii\base\View->renderFile('/var/www/html/c...', Array, Object(app\controllers\SiteController))
#10 /var/www/html/composeryiitwodemo/front/app/controllers/SiteController.php(52): yii\base\Controller->render('index')
#11 [internal function]: app\controllers\SiteController->actionIndex()
#12 /var/www/html/composeryiitwodemo/vendor/yiisoft/yii2/base/InlineAction.php(54): call_user_func_array(Array, Array)
#13 /var/www/html/composeryiitwodemo/vendor/yiisoft/yii2/base/Controller.php(147): yii\base\InlineAction->runWithParams(Array)
#14 /var/www/html/composeryiitwodemo/vendor/yiisoft/yii2/base/Module.php(423): yii\base\Controller->runAction('', Array)
#15 /var/www/html/composeryiitwodemo/vendor/yiisoft/yii2/web/Application.php(82): yii\base\Module->runAction('', Array)
#16 /var/www/html/composeryiitwodemo/vendor/yiisoft/yii2/base/Application.php(353): yii\web\Application->handleRequest(Object(yii\web\Request))
#17 /var/www/html/composeryiitwodemo/front/web/index.php(12): yii\base\Application->run()
#18 {main}
2014-05-13 16:04:55 [127.0.0.1][-][-][info][application] $_COOKIE = array (
  'rrfI_b1d4_saltkey' => 'OqVeTplh',
  'rrfI_b1d4_lastvisit' => '1399509018',
  'rrfI_b1d4_ulastactivity' => '9e3aMp9tXT5kf9Em5Pwy9sIglFVvFbEmMEktczSJ7KOIyc16kE+N',
  'rrfI_b1d4_auth' => 'f952gno8RhZgpwjCdY+71ke5KXWGxfSnf5HozwNJibe5HLElpUZ7wqJFzqGL8Q+HnOlG96VE2LLkIyO8F2tx',
  'autofill_type' => 'CB',
  'rrfI_b1d4_visitedfid' => '48',
  'cookieId' => '3bc3873d4ce44440b7e702b07c98f45c',
  'sessionId' => 'fe6e09c088d545c4bd51672434c5f8ad',
  'rrfI_b1d4_forum_lastvisit' => 'D_48_1399515255',
  'BAIDU_CLB_REFER' => 'http://10.10.99.220/index.php?r=www/index',
  '-zdm_b5m_com-activeTimes' => '1',
  '-zdm_b5m_com-lastActiveTime' => '1399546858379',
  '-gzx_b5m_com-activeTimes' => '3',
  '-gzx_b5m_com-lastActiveTime' => '1399862404172',
  '-ucenter_b5m_com-activeTimes' => '3',
  '-ucenter_b5m_com-lastActiveTime' => '1399883155001',
  'token' => '9d9ab0f074b5480f8081fc77ebbcaf27',
  'name' => '""',
  'nickname' => 'weiyan04',
  'email' => 'weiyan04@126.com',
  'login' => 'true',
  'avatar' => '""',
  'showname' => 'weiyan04',
  'count-prod-date' => '224389554',
  '-pre_b5m_com-activeTimes' => '4',
  '-pre_b5m_com-lastActiveTime' => '1399888410960',
  'rrfI_b1d4_sid' => 'H5A9F9',
  'rrfI_b1d4_lip' => '180.169.85.190,1399961488',
  'rrfI_b1d4_lastact' => '1399961498	lottery.php	day',
  '-www_b5m_com-activeTimes' => '4',
  '-www_b5m_com-lastActiveTime' => '1399967314624',
  '__asc' => '82487425145f48df31c695872ba',
  '__auc' => 'c98dbc78145d99bfdefe9aae3f6',
  'Hm_lvt_12f262996fc81e00f6abfc009a515ac9' => '1399543338,1399690256,1399690258,1399957580',
  'Hm_lpvt_12f262996fc81e00f6abfc009a515ac9' => '1399967315',
)

$_SERVER = array (
  'USER' => 'www',
  'HOME' => '/home/www',
  'FCGI_ROLE' => 'RESPONDER',
  'SCRIPT_FILENAME' => '/var/www/html/composeryiitwodemo/front/web/index.php',
  'QUERY_STRING' => '',
  'REQUEST_METHOD' => 'GET',
  'CONTENT_TYPE' => '',
  'CONTENT_LENGTH' => '',
  'SCRIPT_NAME' => '/index.php',
  'REQUEST_URI' => '/',
  'DOCUMENT_URI' => '/index.php',
  'DOCUMENT_ROOT' => '/var/www/html/composeryiitwodemo/front/web',
  'SERVER_PROTOCOL' => 'HTTP/1.1',
  'GATEWAY_INTERFACE' => 'CGI/1.1',
  'SERVER_SOFTWARE' => 'nginx/1.4.2',
  'REMOTE_ADDR' => '127.0.0.1',
  'REMOTE_PORT' => '37871',
  'SERVER_ADDR' => '127.0.0.1',
  'SERVER_PORT' => '80',
  'SERVER_NAME' => 'composeryiitwodemo.b5m.com',
  'REDIRECT_STATUS' => '200',
  'HTTP_HOST' => 'composeryiitwodemo.b5m.com',
  'HTTP_CONNECTION' => 'keep-alive',
  'HTTP_CACHE_CONTROL' => 'max-age=0',
  'HTTP_ACCEPT' => 'text/html,application/xhtml+xml,application/xml;q=0.9,image/webp,*/*;q=0.8',
  'HTTP_USER_AGENT' => 'Mozilla/5.0 (X11; Linux x86_64) AppleWebKit/537.36 (KHTML, like Gecko) Chrome/34.0.1847.132 Safari/537.36',
  'HTTP_ACCEPT_ENCODING' => 'gzip,deflate,sdch',
  'HTTP_ACCEPT_LANGUAGE' => 'zh-CN,zh;q=0.8,ja;q=0.6,zh-TW;q=0.4',
  'HTTP_COOKIE' => 'rrfI_b1d4_saltkey=OqVeTplh; rrfI_b1d4_lastvisit=1399509018; rrfI_b1d4_ulastactivity=9e3aMp9tXT5kf9Em5Pwy9sIglFVvFbEmMEktczSJ7KOIyc16kE%2BN; rrfI_b1d4_auth=f952gno8RhZgpwjCdY%2B71ke5KXWGxfSnf5HozwNJibe5HLElpUZ7wqJFzqGL8Q%2BHnOlG96VE2LLkIyO8F2tx; autofill_type=CB; rrfI_b1d4_visitedfid=48; cookieId=3bc3873d4ce44440b7e702b07c98f45c; sessionId=fe6e09c088d545c4bd51672434c5f8ad; rrfI_b1d4_forum_lastvisit=D_48_1399515255; BAIDU_CLB_REFER=http%3A%2F%2F10.10.99.220%2Findex.php%3Fr%3Dwww%2Findex; -zdm.b5m.com-activeTimes=1; -zdm.b5m.com-lastActiveTime=1399546858379; -gzx.b5m.com-activeTimes=3; -gzx.b5m.com-lastActiveTime=1399862404172; -ucenter.b5m.com-activeTimes=3; -ucenter.b5m.com-lastActiveTime=1399883155001; token=9d9ab0f074b5480f8081fc77ebbcaf27; name=""; nickname=weiyan04; email=weiyan04%40126.com; login=true; avatar=""; showname=weiyan04; count-prod-date=224389554; -pre.b5m.com-activeTimes=4; -pre.b5m.com-lastActiveTime=1399888410960; rrfI_b1d4_sid=H5A9F9; rrfI_b1d4_lip=180.169.85.190%2C1399961488; rrfI_b1d4_lastact=1399961498%09lottery.php%09day; -www.b5m.com-activeTimes=4; -www.b5m.com-lastActiveTime=1399967314624; __asc=82487425145f48df31c695872ba; __auc=c98dbc78145d99bfdefe9aae3f6; Hm_lvt_12f262996fc81e00f6abfc009a515ac9=1399543338,1399690256,1399690258,1399957580; Hm_lpvt_12f262996fc81e00f6abfc009a515ac9=1399967315',
  'PHP_SELF' => '/index.php',
  'REQUEST_TIME_FLOAT' => 1399968295.1863141,
  'REQUEST_TIME' => 1399968295,
)
2014-05-13 16:16:10 [127.0.0.1][-][-][error][yii\base\InvalidParamException] exception 'yii\base\InvalidParamException' with message 'The file or directory to be published does not exist: /var/www/html/composeryiitwodemo/front/app/vendor/yiisoft/jquery' in /var/www/html/composeryiitwodemo/vendor/yiisoft/yii2/web/AssetManager.php:238
Stack trace:
#0 /var/www/html/composeryiitwodemo/vendor/yiisoft/yii2/web/AssetBundle.php(170): yii\web\AssetManager->publish('/var/www/html/c...', Array)
#1 /var/www/html/composeryiitwodemo/vendor/yiisoft/yii2/web/AssetManager.php(143): yii\web\AssetBundle->publish(Object(yii\web\AssetManager))
#2 /var/www/html/composeryiitwodemo/vendor/yiisoft/yii2/web/View.php(281): yii\web\AssetManager->getBundle('yii\web\JqueryA...')
#3 /var/www/html/composeryiitwodemo/vendor/yiisoft/yii2/web/View.php(286): yii\web\View->registerAssetBundle('yii\web\JqueryA...', NULL)
#4 /var/www/html/composeryiitwodemo/vendor/yiisoft/yii2/web/View.php(286): yii\web\View->registerAssetBundle('yii\web\YiiAsse...', NULL)
#5 /var/www/html/composeryiitwodemo/vendor/yiisoft/yii2/web/AssetBundle.php(119): yii\web\View->registerAssetBundle('app\assets\AppA...')
#6 /var/www/html/composeryiitwodemo/front/app/views/layouts/main.php(12): yii\web\AssetBundle::register(Object(yii\web\View))
#7 /var/www/html/composeryiitwodemo/vendor/yiisoft/yii2/base/View.php(313): require('/var/www/html/c...')
#8 /var/www/html/composeryiitwodemo/vendor/yiisoft/yii2/base/View.php(245): yii\base\View->renderPhpFile('/var/www/html/c...', Array)
#9 /var/www/html/composeryiitwodemo/vendor/yiisoft/yii2/base/Controller.php(365): yii\base\View->renderFile('/var/www/html/c...', Array, Object(app\controllers\SiteController))
#10 /var/www/html/composeryiitwodemo/front/app/controllers/SiteController.php(52): yii\base\Controller->render('index')
#11 [internal function]: app\controllers\SiteController->actionIndex()
#12 /var/www/html/composeryiitwodemo/vendor/yiisoft/yii2/base/InlineAction.php(54): call_user_func_array(Array, Array)
#13 /var/www/html/composeryiitwodemo/vendor/yiisoft/yii2/base/Controller.php(147): yii\base\InlineAction->runWithParams(Array)
#14 /var/www/html/composeryiitwodemo/vendor/yiisoft/yii2/base/Module.php(423): yii\base\Controller->runAction('', Array)
#15 /var/www/html/composeryiitwodemo/vendor/yiisoft/yii2/web/Application.php(82): yii\base\Module->runAction('', Array)
#16 /var/www/html/composeryiitwodemo/vendor/yiisoft/yii2/base/Application.php(353): yii\web\Application->handleRequest(Object(yii\web\Request))
#17 /var/www/html/composeryiitwodemo/front/web/index.php(12): yii\base\Application->run()
#18 {main}
2014-05-13 16:16:10 [127.0.0.1][-][-][info][application] $_COOKIE = array (
  'rrfI_b1d4_saltkey' => 'OqVeTplh',
  'rrfI_b1d4_lastvisit' => '1399509018',
  'rrfI_b1d4_ulastactivity' => '9e3aMp9tXT5kf9Em5Pwy9sIglFVvFbEmMEktczSJ7KOIyc16kE+N',
  'rrfI_b1d4_auth' => 'f952gno8RhZgpwjCdY+71ke5KXWGxfSnf5HozwNJibe5HLElpUZ7wqJFzqGL8Q+HnOlG96VE2LLkIyO8F2tx',
  'autofill_type' => 'CB',
  'rrfI_b1d4_visitedfid' => '48',
  'cookieId' => '3bc3873d4ce44440b7e702b07c98f45c',
  'sessionId' => 'fe6e09c088d545c4bd51672434c5f8ad',
  'rrfI_b1d4_forum_lastvisit' => 'D_48_1399515255',
  'BAIDU_CLB_REFER' => 'http://10.10.99.220/index.php?r=www/index',
  '-zdm_b5m_com-activeTimes' => '1',
  '-zdm_b5m_com-lastActiveTime' => '1399546858379',
  '-gzx_b5m_com-activeTimes' => '3',
  '-gzx_b5m_com-lastActiveTime' => '1399862404172',
  '-ucenter_b5m_com-activeTimes' => '3',
  '-ucenter_b5m_com-lastActiveTime' => '1399883155001',
  'token' => '9d9ab0f074b5480f8081fc77ebbcaf27',
  'name' => '""',
  'nickname' => 'weiyan04',
  'email' => 'weiyan04@126.com',
  'login' => 'true',
  'avatar' => '""',
  'showname' => 'weiyan04',
  'rrfI_b1d4_sid' => 'H5A9F9',
  'rrfI_b1d4_lip' => '180.169.85.190,1399961488',
  'rrfI_b1d4_lastact' => '1399961498	lottery.php	day',
  '-www_b5m_com-activeTimes' => '4',
  '-www_b5m_com-lastActiveTime' => '1399967314624',
  '_csrf' => '2064ed4af61964317cbead4f9d29d65172d9fd5b18494adc68c3de81c491b04ds:32:"FEbW034iCywx4Jv7oyzpdJH-NbpqpJ5f";',
  'Hm_lvt_12f262996fc81e00f6abfc009a515ac9' => '1399543338,1399690256,1399690258,1399957580',
  'Hm_lpvt_12f262996fc81e00f6abfc009a515ac9' => '1399968686',
  '__asc' => '82487425145f48df31c695872ba',
  '__auc' => 'c98dbc78145d99bfdefe9aae3f6',
  '-pre_b5m_com-activeTimes' => '5',
  '-pre_b5m_com-lastActiveTime' => '1399968750193',
  'count-prod-date' => '224389632',
)

$_SERVER = array (
  'USER' => 'www',
  'HOME' => '/home/www',
  'FCGI_ROLE' => 'RESPONDER',
  'SCRIPT_FILENAME' => '/var/www/html/composeryiitwodemo/front/web/index.php',
  'QUERY_STRING' => '',
  'REQUEST_METHOD' => 'GET',
  'CONTENT_TYPE' => '',
  'CONTENT_LENGTH' => '',
  'SCRIPT_NAME' => '/index.php',
  'REQUEST_URI' => '/',
  'DOCUMENT_URI' => '/index.php',
  'DOCUMENT_ROOT' => '/var/www/html/composeryiitwodemo/front/web',
  'SERVER_PROTOCOL' => 'HTTP/1.1',
  'GATEWAY_INTERFACE' => 'CGI/1.1',
  'SERVER_SOFTWARE' => 'nginx/1.4.2',
  'REMOTE_ADDR' => '127.0.0.1',
  'REMOTE_PORT' => '38174',
  'SERVER_ADDR' => '127.0.0.1',
  'SERVER_PORT' => '80',
  'SERVER_NAME' => 'composeryiitwodemo.b5m.com',
  'REDIRECT_STATUS' => '200',
  'HTTP_HOST' => 'composeryiitwodemo.b5m.com',
  'HTTP_CONNECTION' => 'keep-alive',
  'HTTP_CACHE_CONTROL' => 'max-age=0',
  'HTTP_ACCEPT' => 'text/html,application/xhtml+xml,application/xml;q=0.9,image/webp,*/*;q=0.8',
  'HTTP_USER_AGENT' => 'Mozilla/5.0 (X11; Linux x86_64) AppleWebKit/537.36 (KHTML, like Gecko) Chrome/34.0.1847.132 Safari/537.36',
  'HTTP_ACCEPT_ENCODING' => 'gzip,deflate,sdch',
  'HTTP_ACCEPT_LANGUAGE' => 'zh-CN,zh;q=0.8,ja;q=0.6,zh-TW;q=0.4',
  'HTTP_COOKIE' => 'rrfI_b1d4_saltkey=OqVeTplh; rrfI_b1d4_lastvisit=1399509018; rrfI_b1d4_ulastactivity=9e3aMp9tXT5kf9Em5Pwy9sIglFVvFbEmMEktczSJ7KOIyc16kE%2BN; rrfI_b1d4_auth=f952gno8RhZgpwjCdY%2B71ke5KXWGxfSnf5HozwNJibe5HLElpUZ7wqJFzqGL8Q%2BHnOlG96VE2LLkIyO8F2tx; autofill_type=CB; rrfI_b1d4_visitedfid=48; cookieId=3bc3873d4ce44440b7e702b07c98f45c; sessionId=fe6e09c088d545c4bd51672434c5f8ad; rrfI_b1d4_forum_lastvisit=D_48_1399515255; BAIDU_CLB_REFER=http%3A%2F%2F10.10.99.220%2Findex.php%3Fr%3Dwww%2Findex; -zdm.b5m.com-activeTimes=1; -zdm.b5m.com-lastActiveTime=1399546858379; -gzx.b5m.com-activeTimes=3; -gzx.b5m.com-lastActiveTime=1399862404172; -ucenter.b5m.com-activeTimes=3; -ucenter.b5m.com-lastActiveTime=1399883155001; token=9d9ab0f074b5480f8081fc77ebbcaf27; name=""; nickname=weiyan04; email=weiyan04%40126.com; login=true; avatar=""; showname=weiyan04; rrfI_b1d4_sid=H5A9F9; rrfI_b1d4_lip=180.169.85.190%2C1399961488; rrfI_b1d4_lastact=1399961498%09lottery.php%09day; -www.b5m.com-activeTimes=4; -www.b5m.com-lastActiveTime=1399967314624; _csrf=2064ed4af61964317cbead4f9d29d65172d9fd5b18494adc68c3de81c491b04ds%3A32%3A%22FEbW034iCywx4Jv7oyzpdJH-NbpqpJ5f%22%3B; Hm_lvt_12f262996fc81e00f6abfc009a515ac9=1399543338,1399690256,1399690258,1399957580; Hm_lpvt_12f262996fc81e00f6abfc009a515ac9=1399968686; __asc=82487425145f48df31c695872ba; __auc=c98dbc78145d99bfdefe9aae3f6; -pre.b5m.com-activeTimes=5; -pre.b5m.com-lastActiveTime=1399968750193; count-prod-date=224389632',
  'PHP_SELF' => '/index.php',
  'REQUEST_TIME_FLOAT' => 1399968970.4906011,
  'REQUEST_TIME' => 1399968970,
)
2014-05-13 16:16:29 [127.0.0.1][-][-][error][yii\base\InvalidParamException] exception 'yii\base\InvalidParamException' with message 'The file or directory to be published does not exist: /var/www/html/composeryiitwodemo/front/app/vendor/yiisoft/jquery' in /var/www/html/composeryiitwodemo/vendor/yiisoft/yii2/web/AssetManager.php:238
Stack trace:
#0 /var/www/html/composeryiitwodemo/vendor/yiisoft/yii2/web/AssetBundle.php(170): yii\web\AssetManager->publish('/var/www/html/c...', Array)
#1 /var/www/html/composeryiitwodemo/vendor/yiisoft/yii2/web/AssetManager.php(143): yii\web\AssetBundle->publish(Object(yii\web\AssetManager))
#2 /var/www/html/composeryiitwodemo/vendor/yiisoft/yii2/web/View.php(281): yii\web\AssetManager->getBundle('yii\web\JqueryA...')
#3 /var/www/html/composeryiitwodemo/vendor/yiisoft/yii2/web/View.php(286): yii\web\View->registerAssetBundle('yii\web\JqueryA...', NULL)
#4 /var/www/html/composeryiitwodemo/vendor/yiisoft/yii2/web/View.php(286): yii\web\View->registerAssetBundle('yii\web\YiiAsse...', NULL)
#5 /var/www/html/composeryiitwodemo/vendor/yiisoft/yii2/web/AssetBundle.php(119): yii\web\View->registerAssetBundle('app\assets\AppA...')
#6 /var/www/html/composeryiitwodemo/front/app/views/layouts/main.php(12): yii\web\AssetBundle::register(Object(yii\web\View))
#7 /var/www/html/composeryiitwodemo/vendor/yiisoft/yii2/base/View.php(313): require('/var/www/html/c...')
#8 /var/www/html/composeryiitwodemo/vendor/yiisoft/yii2/base/View.php(245): yii\base\View->renderPhpFile('/var/www/html/c...', Array)
#9 /var/www/html/composeryiitwodemo/vendor/yiisoft/yii2/base/Controller.php(365): yii\base\View->renderFile('/var/www/html/c...', Array, Object(app\controllers\SiteController))
#10 /var/www/html/composeryiitwodemo/front/app/controllers/SiteController.php(52): yii\base\Controller->render('index')
#11 [internal function]: app\controllers\SiteController->actionIndex()
#12 /var/www/html/composeryiitwodemo/vendor/yiisoft/yii2/base/InlineAction.php(54): call_user_func_array(Array, Array)
#13 /var/www/html/composeryiitwodemo/vendor/yiisoft/yii2/base/Controller.php(147): yii\base\InlineAction->runWithParams(Array)
#14 /var/www/html/composeryiitwodemo/vendor/yiisoft/yii2/base/Module.php(423): yii\base\Controller->runAction('', Array)
#15 /var/www/html/composeryiitwodemo/vendor/yiisoft/yii2/web/Application.php(82): yii\base\Module->runAction('', Array)
#16 /var/www/html/composeryiitwodemo/vendor/yiisoft/yii2/base/Application.php(353): yii\web\Application->handleRequest(Object(yii\web\Request))
#17 /var/www/html/composeryiitwodemo/front/web/index.php(12): yii\base\Application->run()
#18 {main}
2014-05-13 16:16:29 [127.0.0.1][-][-][info][application] $_COOKIE = array (
  'rrfI_b1d4_saltkey' => 'OqVeTplh',
  'rrfI_b1d4_lastvisit' => '1399509018',
  'rrfI_b1d4_ulastactivity' => '9e3aMp9tXT5kf9Em5Pwy9sIglFVvFbEmMEktczSJ7KOIyc16kE+N',
  'rrfI_b1d4_auth' => 'f952gno8RhZgpwjCdY+71ke5KXWGxfSnf5HozwNJibe5HLElpUZ7wqJFzqGL8Q+HnOlG96VE2LLkIyO8F2tx',
  'autofill_type' => 'CB',
  'rrfI_b1d4_visitedfid' => '48',
  'cookieId' => '3bc3873d4ce44440b7e702b07c98f45c',
  'sessionId' => 'fe6e09c088d545c4bd51672434c5f8ad',
  'rrfI_b1d4_forum_lastvisit' => 'D_48_1399515255',
  'BAIDU_CLB_REFER' => 'http://10.10.99.220/index.php?r=www/index',
  '-zdm_b5m_com-activeTimes' => '1',
  '-zdm_b5m_com-lastActiveTime' => '1399546858379',
  '-gzx_b5m_com-activeTimes' => '3',
  '-gzx_b5m_com-lastActiveTime' => '1399862404172',
  '-ucenter_b5m_com-activeTimes' => '3',
  '-ucenter_b5m_com-lastActiveTime' => '1399883155001',
  'token' => '9d9ab0f074b5480f8081fc77ebbcaf27',
  'name' => '""',
  'nickname' => 'weiyan04',
  'email' => 'weiyan04@126.com',
  'login' => 'true',
  'avatar' => '""',
  'showname' => 'weiyan04',
  'rrfI_b1d4_sid' => 'H5A9F9',
  'rrfI_b1d4_lip' => '180.169.85.190,1399961488',
  'rrfI_b1d4_lastact' => '1399961498	lottery.php	day',
  '-www_b5m_com-activeTimes' => '4',
  '-www_b5m_com-lastActiveTime' => '1399967314624',
  '_csrf' => '2064ed4af61964317cbead4f9d29d65172d9fd5b18494adc68c3de81c491b04ds:32:"FEbW034iCywx4Jv7oyzpdJH-NbpqpJ5f";',
  'Hm_lvt_12f262996fc81e00f6abfc009a515ac9' => '1399543338,1399690256,1399690258,1399957580',
  'Hm_lpvt_12f262996fc81e00f6abfc009a515ac9' => '1399968686',
  '__asc' => '82487425145f48df31c695872ba',
  '__auc' => 'c98dbc78145d99bfdefe9aae3f6',
  '-pre_b5m_com-activeTimes' => '5',
  '-pre_b5m_com-lastActiveTime' => '1399968750193',
  'count-prod-date' => '224389632',
)

$_SERVER = array (
  'USER' => 'www',
  'HOME' => '/home/www',
  'FCGI_ROLE' => 'RESPONDER',
  'SCRIPT_FILENAME' => '/var/www/html/composeryiitwodemo/front/web/index.php',
  'QUERY_STRING' => '',
  'REQUEST_METHOD' => 'GET',
  'CONTENT_TYPE' => '',
  'CONTENT_LENGTH' => '',
  'SCRIPT_NAME' => '/index.php',
  'REQUEST_URI' => '/',
  'DOCUMENT_URI' => '/index.php',
  'DOCUMENT_ROOT' => '/var/www/html/composeryiitwodemo/front/web',
  'SERVER_PROTOCOL' => 'HTTP/1.1',
  'GATEWAY_INTERFACE' => 'CGI/1.1',
  'SERVER_SOFTWARE' => 'nginx/1.4.2',
  'REMOTE_ADDR' => '127.0.0.1',
  'REMOTE_PORT' => '38174',
  'SERVER_ADDR' => '127.0.0.1',
  'SERVER_PORT' => '80',
  'SERVER_NAME' => 'composeryiitwodemo.b5m.com',
  'REDIRECT_STATUS' => '200',
  'HTTP_HOST' => 'composeryiitwodemo.b5m.com',
  'HTTP_CONNECTION' => 'keep-alive',
  'HTTP_CACHE_CONTROL' => 'max-age=0',
  'HTTP_ACCEPT' => 'text/html,application/xhtml+xml,application/xml;q=0.9,image/webp,*/*;q=0.8',
  'HTTP_USER_AGENT' => 'Mozilla/5.0 (X11; Linux x86_64) AppleWebKit/537.36 (KHTML, like Gecko) Chrome/34.0.1847.132 Safari/537.36',
  'HTTP_ACCEPT_ENCODING' => 'gzip,deflate,sdch',
  'HTTP_ACCEPT_LANGUAGE' => 'zh-CN,zh;q=0.8,ja;q=0.6,zh-TW;q=0.4',
  'HTTP_COOKIE' => 'rrfI_b1d4_saltkey=OqVeTplh; rrfI_b1d4_lastvisit=1399509018; rrfI_b1d4_ulastactivity=9e3aMp9tXT5kf9Em5Pwy9sIglFVvFbEmMEktczSJ7KOIyc16kE%2BN; rrfI_b1d4_auth=f952gno8RhZgpwjCdY%2B71ke5KXWGxfSnf5HozwNJibe5HLElpUZ7wqJFzqGL8Q%2BHnOlG96VE2LLkIyO8F2tx; autofill_type=CB; rrfI_b1d4_visitedfid=48; cookieId=3bc3873d4ce44440b7e702b07c98f45c; sessionId=fe6e09c088d545c4bd51672434c5f8ad; rrfI_b1d4_forum_lastvisit=D_48_1399515255; BAIDU_CLB_REFER=http%3A%2F%2F10.10.99.220%2Findex.php%3Fr%3Dwww%2Findex; -zdm.b5m.com-activeTimes=1; -zdm.b5m.com-lastActiveTime=1399546858379; -gzx.b5m.com-activeTimes=3; -gzx.b5m.com-lastActiveTime=1399862404172; -ucenter.b5m.com-activeTimes=3; -ucenter.b5m.com-lastActiveTime=1399883155001; token=9d9ab0f074b5480f8081fc77ebbcaf27; name=""; nickname=weiyan04; email=weiyan04%40126.com; login=true; avatar=""; showname=weiyan04; rrfI_b1d4_sid=H5A9F9; rrfI_b1d4_lip=180.169.85.190%2C1399961488; rrfI_b1d4_lastact=1399961498%09lottery.php%09day; -www.b5m.com-activeTimes=4; -www.b5m.com-lastActiveTime=1399967314624; _csrf=2064ed4af61964317cbead4f9d29d65172d9fd5b18494adc68c3de81c491b04ds%3A32%3A%22FEbW034iCywx4Jv7oyzpdJH-NbpqpJ5f%22%3B; Hm_lvt_12f262996fc81e00f6abfc009a515ac9=1399543338,1399690256,1399690258,1399957580; Hm_lpvt_12f262996fc81e00f6abfc009a515ac9=1399968686; __asc=82487425145f48df31c695872ba; __auc=c98dbc78145d99bfdefe9aae3f6; -pre.b5m.com-activeTimes=5; -pre.b5m.com-lastActiveTime=1399968750193; count-prod-date=224389632',
  'PHP_SELF' => '/index.php',
  'REQUEST_TIME_FLOAT' => 1399968989.1823649,
  'REQUEST_TIME' => 1399968989,
)
2014-05-13 16:17:54 [127.0.0.1][-][-][error][yii\base\InvalidParamException] exception 'yii\base\InvalidParamException' with message 'The file or directory to be published does not exist: /var/www/html/composeryiitwodemo/front/app/vendor/yiisoft/jquery' in /var/www/html/composeryiitwodemo/vendor/yiisoft/yii2/web/AssetManager.php:238
Stack trace:
#0 /var/www/html/composeryiitwodemo/vendor/yiisoft/yii2/web/AssetBundle.php(170): yii\web\AssetManager->publish('/var/www/html/c...', Array)
#1 /var/www/html/composeryiitwodemo/vendor/yiisoft/yii2/web/AssetManager.php(143): yii\web\AssetBundle->publish(Object(yii\web\AssetManager))
#2 /var/www/html/composeryiitwodemo/vendor/yiisoft/yii2/web/View.php(281): yii\web\AssetManager->getBundle('yii\web\JqueryA...')
#3 /var/www/html/composeryiitwodemo/vendor/yiisoft/yii2/web/View.php(286): yii\web\View->registerAssetBundle('yii\web\JqueryA...', NULL)
#4 /var/www/html/composeryiitwodemo/vendor/yiisoft/yii2/web/View.php(286): yii\web\View->registerAssetBundle('yii\web\YiiAsse...', NULL)
#5 /var/www/html/composeryiitwodemo/vendor/yiisoft/yii2/web/AssetBundle.php(119): yii\web\View->registerAssetBundle('app\assets\AppA...')
#6 /var/www/html/composeryiitwodemo/front/app/views/layouts/main.php(12): yii\web\AssetBundle::register(Object(yii\web\View))
#7 /var/www/html/composeryiitwodemo/vendor/yiisoft/yii2/base/View.php(313): require('/var/www/html/c...')
#8 /var/www/html/composeryiitwodemo/vendor/yiisoft/yii2/base/View.php(245): yii\base\View->renderPhpFile('/var/www/html/c...', Array)
#9 /var/www/html/composeryiitwodemo/vendor/yiisoft/yii2/base/Controller.php(365): yii\base\View->renderFile('/var/www/html/c...', Array, Object(app\controllers\SiteController))
#10 /var/www/html/composeryiitwodemo/front/app/controllers/SiteController.php(52): yii\base\Controller->render('index')
#11 [internal function]: app\controllers\SiteController->actionIndex()
#12 /var/www/html/composeryiitwodemo/vendor/yiisoft/yii2/base/InlineAction.php(54): call_user_func_array(Array, Array)
#13 /var/www/html/composeryiitwodemo/vendor/yiisoft/yii2/base/Controller.php(147): yii\base\InlineAction->runWithParams(Array)
#14 /var/www/html/composeryiitwodemo/vendor/yiisoft/yii2/base/Module.php(423): yii\base\Controller->runAction('', Array)
#15 /var/www/html/composeryiitwodemo/vendor/yiisoft/yii2/web/Application.php(82): yii\base\Module->runAction('', Array)
#16 /var/www/html/composeryiitwodemo/vendor/yiisoft/yii2/base/Application.php(353): yii\web\Application->handleRequest(Object(yii\web\Request))
#17 /var/www/html/composeryiitwodemo/front/web/index.php(12): yii\base\Application->run()
#18 {main}
2014-05-13 16:17:54 [127.0.0.1][-][-][info][application] $_COOKIE = array (
  'rrfI_b1d4_saltkey' => 'OqVeTplh',
  'rrfI_b1d4_lastvisit' => '1399509018',
  'rrfI_b1d4_ulastactivity' => '9e3aMp9tXT5kf9Em5Pwy9sIglFVvFbEmMEktczSJ7KOIyc16kE+N',
  'rrfI_b1d4_auth' => 'f952gno8RhZgpwjCdY+71ke5KXWGxfSnf5HozwNJibe5HLElpUZ7wqJFzqGL8Q+HnOlG96VE2LLkIyO8F2tx',
  'autofill_type' => 'CB',
  'rrfI_b1d4_visitedfid' => '48',
  'cookieId' => '3bc3873d4ce44440b7e702b07c98f45c',
  'sessionId' => 'fe6e09c088d545c4bd51672434c5f8ad',
  'rrfI_b1d4_forum_lastvisit' => 'D_48_1399515255',
  'BAIDU_CLB_REFER' => 'http://10.10.99.220/index.php?r=www/index',
  '-zdm_b5m_com-activeTimes' => '1',
  '-zdm_b5m_com-lastActiveTime' => '1399546858379',
  '-gzx_b5m_com-activeTimes' => '3',
  '-gzx_b5m_com-lastActiveTime' => '1399862404172',
  '-ucenter_b5m_com-activeTimes' => '3',
  '-ucenter_b5m_com-lastActiveTime' => '1399883155001',
  'token' => '9d9ab0f074b5480f8081fc77ebbcaf27',
  'name' => '""',
  'nickname' => 'weiyan04',
  'email' => 'weiyan04@126.com',
  'login' => 'true',
  'avatar' => '""',
  'showname' => 'weiyan04',
  'rrfI_b1d4_sid' => 'H5A9F9',
  'rrfI_b1d4_lip' => '180.169.85.190,1399961488',
  'rrfI_b1d4_lastact' => '1399961498	lottery.php	day',
  '-www_b5m_com-activeTimes' => '4',
  '-www_b5m_com-lastActiveTime' => '1399967314624',
  '_csrf' => '2064ed4af61964317cbead4f9d29d65172d9fd5b18494adc68c3de81c491b04ds:32:"FEbW034iCywx4Jv7oyzpdJH-NbpqpJ5f";',
  'Hm_lvt_12f262996fc81e00f6abfc009a515ac9' => '1399543338,1399690256,1399690258,1399957580',
  'Hm_lpvt_12f262996fc81e00f6abfc009a515ac9' => '1399968686',
  '__asc' => '82487425145f48df31c695872ba',
  '__auc' => 'c98dbc78145d99bfdefe9aae3f6',
  '-pre_b5m_com-activeTimes' => '5',
  '-pre_b5m_com-lastActiveTime' => '1399968750193',
  'count-prod-date' => '224389632',
)

$_SERVER = array (
  'USER' => 'www',
  'HOME' => '/home/www',
  'FCGI_ROLE' => 'RESPONDER',
  'SCRIPT_FILENAME' => '/var/www/html/composeryiitwodemo/front/web/index.php',
  'QUERY_STRING' => '',
  'REQUEST_METHOD' => 'GET',
  'CONTENT_TYPE' => '',
  'CONTENT_LENGTH' => '',
  'SCRIPT_NAME' => '/index.php',
  'REQUEST_URI' => '/',
  'DOCUMENT_URI' => '/index.php',
  'DOCUMENT_ROOT' => '/var/www/html/composeryiitwodemo/front/web',
  'SERVER_PROTOCOL' => 'HTTP/1.1',
  'GATEWAY_INTERFACE' => 'CGI/1.1',
  'SERVER_SOFTWARE' => 'nginx/1.4.2',
  'REMOTE_ADDR' => '127.0.0.1',
  'REMOTE_PORT' => '38174',
  'SERVER_ADDR' => '127.0.0.1',
  'SERVER_PORT' => '80',
  'SERVER_NAME' => 'composeryiitwodemo.b5m.com',
  'REDIRECT_STATUS' => '200',
  'HTTP_HOST' => 'composeryiitwodemo.b5m.com',
  'HTTP_CONNECTION' => 'keep-alive',
  'HTTP_CACHE_CONTROL' => 'max-age=0',
  'HTTP_ACCEPT' => 'text/html,application/xhtml+xml,application/xml;q=0.9,image/webp,*/*;q=0.8',
  'HTTP_USER_AGENT' => 'Mozilla/5.0 (X11; Linux x86_64) AppleWebKit/537.36 (KHTML, like Gecko) Chrome/34.0.1847.132 Safari/537.36',
  'HTTP_ACCEPT_ENCODING' => 'gzip,deflate,sdch',
  'HTTP_ACCEPT_LANGUAGE' => 'zh-CN,zh;q=0.8,ja;q=0.6,zh-TW;q=0.4',
  'HTTP_COOKIE' => 'rrfI_b1d4_saltkey=OqVeTplh; rrfI_b1d4_lastvisit=1399509018; rrfI_b1d4_ulastactivity=9e3aMp9tXT5kf9Em5Pwy9sIglFVvFbEmMEktczSJ7KOIyc16kE%2BN; rrfI_b1d4_auth=f952gno8RhZgpwjCdY%2B71ke5KXWGxfSnf5HozwNJibe5HLElpUZ7wqJFzqGL8Q%2BHnOlG96VE2LLkIyO8F2tx; autofill_type=CB; rrfI_b1d4_visitedfid=48; cookieId=3bc3873d4ce44440b7e702b07c98f45c; sessionId=fe6e09c088d545c4bd51672434c5f8ad; rrfI_b1d4_forum_lastvisit=D_48_1399515255; BAIDU_CLB_REFER=http%3A%2F%2F10.10.99.220%2Findex.php%3Fr%3Dwww%2Findex; -zdm.b5m.com-activeTimes=1; -zdm.b5m.com-lastActiveTime=1399546858379; -gzx.b5m.com-activeTimes=3; -gzx.b5m.com-lastActiveTime=1399862404172; -ucenter.b5m.com-activeTimes=3; -ucenter.b5m.com-lastActiveTime=1399883155001; token=9d9ab0f074b5480f8081fc77ebbcaf27; name=""; nickname=weiyan04; email=weiyan04%40126.com; login=true; avatar=""; showname=weiyan04; rrfI_b1d4_sid=H5A9F9; rrfI_b1d4_lip=180.169.85.190%2C1399961488; rrfI_b1d4_lastact=1399961498%09lottery.php%09day; -www.b5m.com-activeTimes=4; -www.b5m.com-lastActiveTime=1399967314624; _csrf=2064ed4af61964317cbead4f9d29d65172d9fd5b18494adc68c3de81c491b04ds%3A32%3A%22FEbW034iCywx4Jv7oyzpdJH-NbpqpJ5f%22%3B; Hm_lvt_12f262996fc81e00f6abfc009a515ac9=1399543338,1399690256,1399690258,1399957580; Hm_lpvt_12f262996fc81e00f6abfc009a515ac9=1399968686; __asc=82487425145f48df31c695872ba; __auc=c98dbc78145d99bfdefe9aae3f6; -pre.b5m.com-activeTimes=5; -pre.b5m.com-lastActiveTime=1399968750193; count-prod-date=224389632',
  'PHP_SELF' => '/index.php',
  'REQUEST_TIME_FLOAT' => 1399969074.865236,
  'REQUEST_TIME' => 1399969074,
)
2014-05-13 16:56:01 [127.0.0.1][-][-][error][yii\base\InvalidParamException] exception 'yii\base\InvalidParamException' with message 'The file or directory to be published does not exist: /var/www/html/composeryiitwodemo/front/app/vendor/yiisoft/jquery' in /var/www/html/composeryiitwodemo/vendor/yiisoft/yii2/web/AssetManager.php:238
Stack trace:
#0 /var/www/html/composeryiitwodemo/vendor/yiisoft/yii2/web/AssetBundle.php(170): yii\web\AssetManager->publish('/var/www/html/c...', Array)
#1 /var/www/html/composeryiitwodemo/vendor/yiisoft/yii2/web/AssetManager.php(143): yii\web\AssetBundle->publish(Object(yii\web\AssetManager))
#2 /var/www/html/composeryiitwodemo/vendor/yiisoft/yii2/web/View.php(281): yii\web\AssetManager->getBundle('yii\web\JqueryA...')
#3 /var/www/html/composeryiitwodemo/vendor/yiisoft/yii2/web/View.php(286): yii\web\View->registerAssetBundle('yii\web\JqueryA...', NULL)
#4 /var/www/html/composeryiitwodemo/vendor/yiisoft/yii2/web/View.php(286): yii\web\View->registerAssetBundle('yii\web\YiiAsse...', NULL)
#5 /var/www/html/composeryiitwodemo/vendor/yiisoft/yii2/web/AssetBundle.php(119): yii\web\View->registerAssetBundle('app\assets\AppA...')
#6 /var/www/html/composeryiitwodemo/front/app/views/layouts/main.php(12): yii\web\AssetBundle::register(Object(yii\web\View))
#7 /var/www/html/composeryiitwodemo/vendor/yiisoft/yii2/base/View.php(313): require('/var/www/html/c...')
#8 /var/www/html/composeryiitwodemo/vendor/yiisoft/yii2/base/View.php(245): yii\base\View->renderPhpFile('/var/www/html/c...', Array)
#9 /var/www/html/composeryiitwodemo/vendor/yiisoft/yii2/base/Controller.php(365): yii\base\View->renderFile('/var/www/html/c...', Array, Object(app\controllers\SiteController))
#10 /var/www/html/composeryiitwodemo/front/app/controllers/SiteController.php(52): yii\base\Controller->render('index')
#11 [internal function]: app\controllers\SiteController->actionIndex()
#12 /var/www/html/composeryiitwodemo/vendor/yiisoft/yii2/base/InlineAction.php(54): call_user_func_array(Array, Array)
#13 /var/www/html/composeryiitwodemo/vendor/yiisoft/yii2/base/Controller.php(147): yii\base\InlineAction->runWithParams(Array)
#14 /var/www/html/composeryiitwodemo/vendor/yiisoft/yii2/base/Module.php(423): yii\base\Controller->runAction('', Array)
#15 /var/www/html/composeryiitwodemo/vendor/yiisoft/yii2/web/Application.php(82): yii\base\Module->runAction('', Array)
#16 /var/www/html/composeryiitwodemo/vendor/yiisoft/yii2/base/Application.php(353): yii\web\Application->handleRequest(Object(yii\web\Request))
#17 /var/www/html/composeryiitwodemo/front/web/index.php(12): yii\base\Application->run()
#18 {main}
2014-05-13 16:56:01 [127.0.0.1][-][-][info][application] $_COOKIE = array (
  'rrfI_b1d4_saltkey' => 'OqVeTplh',
  'rrfI_b1d4_lastvisit' => '1399509018',
  'rrfI_b1d4_ulastactivity' => '9e3aMp9tXT5kf9Em5Pwy9sIglFVvFbEmMEktczSJ7KOIyc16kE+N',
  'rrfI_b1d4_auth' => 'f952gno8RhZgpwjCdY+71ke5KXWGxfSnf5HozwNJibe5HLElpUZ7wqJFzqGL8Q+HnOlG96VE2LLkIyO8F2tx',
  'autofill_type' => 'CB',
  'rrfI_b1d4_visitedfid' => '48',
  'cookieId' => '3bc3873d4ce44440b7e702b07c98f45c',
  'sessionId' => 'fe6e09c088d545c4bd51672434c5f8ad',
  'rrfI_b1d4_forum_lastvisit' => 'D_48_1399515255',
  'BAIDU_CLB_REFER' => 'http://10.10.99.220/index.php?r=www/index',
  '-zdm_b5m_com-activeTimes' => '1',
  '-zdm_b5m_com-lastActiveTime' => '1399546858379',
  '-gzx_b5m_com-activeTimes' => '3',
  '-gzx_b5m_com-lastActiveTime' => '1399862404172',
  '-ucenter_b5m_com-activeTimes' => '3',
  '-ucenter_b5m_com-lastActiveTime' => '1399883155001',
  'token' => '9d9ab0f074b5480f8081fc77ebbcaf27',
  'name' => '""',
  'nickname' => 'weiyan04',
  'email' => 'weiyan04@126.com',
  'login' => 'true',
  'avatar' => '""',
  'showname' => 'weiyan04',
  '_csrf' => '2064ed4af61964317cbead4f9d29d65172d9fd5b18494adc68c3de81c491b04ds:32:"FEbW034iCywx4Jv7oyzpdJH-NbpqpJ5f";',
  '-pre_b5m_com-activeTimes' => '5',
  '-pre_b5m_com-lastActiveTime' => '1399968750193',
  'count-prod-date' => '224389632',
  'rrfI_b1d4_sid' => 'U9oRal',
  'rrfI_b1d4_lip' => '10.10.99.108,1399969296',
  'rrfI_b1d4_lastact' => '1399969302	lottery.php	week',
  '-www_b5m_com-activeTimes' => '4',
  '-www_b5m_com-lastActiveTime' => '1399969302851',
  'Hm_lvt_12f262996fc81e00f6abfc009a515ac9' => '1399543338,1399690256,1399690258,1399957580',
  'Hm_lpvt_12f262996fc81e00f6abfc009a515ac9' => '1399969303',
  '__auc' => 'c98dbc78145d99bfdefe9aae3f6',
)

$_SERVER = array (
  'USER' => 'www',
  'HOME' => '/home/www',
  'FCGI_ROLE' => 'RESPONDER',
  'SCRIPT_FILENAME' => '/var/www/html/composeryiitwodemo/front/web/index.php',
  'QUERY_STRING' => '',
  'REQUEST_METHOD' => 'GET',
  'CONTENT_TYPE' => '',
  'CONTENT_LENGTH' => '',
  'SCRIPT_NAME' => '/index.php',
  'REQUEST_URI' => '/',
  'DOCUMENT_URI' => '/index.php',
  'DOCUMENT_ROOT' => '/var/www/html/composeryiitwodemo/front/web',
  'SERVER_PROTOCOL' => 'HTTP/1.1',
  'GATEWAY_INTERFACE' => 'CGI/1.1',
  'SERVER_SOFTWARE' => 'nginx/1.4.2',
  'REMOTE_ADDR' => '127.0.0.1',
  'REMOTE_PORT' => '38887',
  'SERVER_ADDR' => '127.0.0.1',
  'SERVER_PORT' => '80',
  'SERVER_NAME' => 'composeryiitwodemo.b5m.com',
  'REDIRECT_STATUS' => '200',
  'HTTP_HOST' => 'composeryiitwodemo.b5m.com',
  'HTTP_CONNECTION' => 'keep-alive',
  'HTTP_CACHE_CONTROL' => 'max-age=0',
  'HTTP_ACCEPT' => 'text/html,application/xhtml+xml,application/xml;q=0.9,image/webp,*/*;q=0.8',
  'HTTP_USER_AGENT' => 'Mozilla/5.0 (X11; Linux x86_64) AppleWebKit/537.36 (KHTML, like Gecko) Chrome/34.0.1847.132 Safari/537.36',
  'HTTP_ACCEPT_ENCODING' => 'gzip,deflate,sdch',
  'HTTP_ACCEPT_LANGUAGE' => 'zh-CN,zh;q=0.8,ja;q=0.6,zh-TW;q=0.4',
  'HTTP_COOKIE' => 'rrfI_b1d4_saltkey=OqVeTplh; rrfI_b1d4_lastvisit=1399509018; rrfI_b1d4_ulastactivity=9e3aMp9tXT5kf9Em5Pwy9sIglFVvFbEmMEktczSJ7KOIyc16kE%2BN; rrfI_b1d4_auth=f952gno8RhZgpwjCdY%2B71ke5KXWGxfSnf5HozwNJibe5HLElpUZ7wqJFzqGL8Q%2BHnOlG96VE2LLkIyO8F2tx; autofill_type=CB; rrfI_b1d4_visitedfid=48; cookieId=3bc3873d4ce44440b7e702b07c98f45c; sessionId=fe6e09c088d545c4bd51672434c5f8ad; rrfI_b1d4_forum_lastvisit=D_48_1399515255; BAIDU_CLB_REFER=http%3A%2F%2F10.10.99.220%2Findex.php%3Fr%3Dwww%2Findex; -zdm.b5m.com-activeTimes=1; -zdm.b5m.com-lastActiveTime=1399546858379; -gzx.b5m.com-activeTimes=3; -gzx.b5m.com-lastActiveTime=1399862404172; -ucenter.b5m.com-activeTimes=3; -ucenter.b5m.com-lastActiveTime=1399883155001; token=9d9ab0f074b5480f8081fc77ebbcaf27; name=""; nickname=weiyan04; email=weiyan04%40126.com; login=true; avatar=""; showname=weiyan04; _csrf=2064ed4af61964317cbead4f9d29d65172d9fd5b18494adc68c3de81c491b04ds%3A32%3A%22FEbW034iCywx4Jv7oyzpdJH-NbpqpJ5f%22%3B; -pre.b5m.com-activeTimes=5; -pre.b5m.com-lastActiveTime=1399968750193; count-prod-date=224389632; rrfI_b1d4_sid=U9oRal; rrfI_b1d4_lip=10.10.99.108%2C1399969296; rrfI_b1d4_lastact=1399969302%09lottery.php%09week; -www.b5m.com-activeTimes=4; -www.b5m.com-lastActiveTime=1399969302851; Hm_lvt_12f262996fc81e00f6abfc009a515ac9=1399543338,1399690256,1399690258,1399957580; Hm_lpvt_12f262996fc81e00f6abfc009a515ac9=1399969303; __auc=c98dbc78145d99bfdefe9aae3f6',
  'PHP_SELF' => '/index.php',
  'REQUEST_TIME_FLOAT' => 1399971361.7046559,
  'REQUEST_TIME' => 1399971361,
)
2014-05-13 17:42:04 [127.0.0.1][-][-][error][yii\base\InvalidParamException] exception 'yii\base\InvalidParamException' with message 'The file or directory to be published does not exist: /var/www/html/composeryiitwodemo/front/app/vendor/yiisoft/jquery' in /var/www/html/composeryiitwodemo/vendor/yiisoft/yii2/web/AssetManager.php:238
Stack trace:
#0 /var/www/html/composeryiitwodemo/vendor/yiisoft/yii2/web/AssetBundle.php(170): yii\web\AssetManager->publish('/var/www/html/c...', Array)
#1 /var/www/html/composeryiitwodemo/vendor/yiisoft/yii2/web/AssetManager.php(143): yii\web\AssetBundle->publish(Object(yii\web\AssetManager))
#2 /var/www/html/composeryiitwodemo/vendor/yiisoft/yii2/web/View.php(281): yii\web\AssetManager->getBundle('yii\web\JqueryA...')
#3 /var/www/html/composeryiitwodemo/vendor/yiisoft/yii2/web/View.php(286): yii\web\View->registerAssetBundle('yii\web\JqueryA...', NULL)
#4 /var/www/html/composeryiitwodemo/vendor/yiisoft/yii2/web/View.php(286): yii\web\View->registerAssetBundle('yii\web\YiiAsse...', NULL)
#5 /var/www/html/composeryiitwodemo/vendor/yiisoft/yii2/web/AssetBundle.php(119): yii\web\View->registerAssetBundle('app\assets\AppA...')
#6 /var/www/html/composeryiitwodemo/front/app/views/layouts/main.php(12): yii\web\AssetBundle::register(Object(yii\web\View))
#7 /var/www/html/composeryiitwodemo/vendor/yiisoft/yii2/base/View.php(313): require('/var/www/html/c...')
#8 /var/www/html/composeryiitwodemo/vendor/yiisoft/yii2/base/View.php(245): yii\base\View->renderPhpFile('/var/www/html/c...', Array)
#9 /var/www/html/composeryiitwodemo/vendor/yiisoft/yii2/base/Controller.php(365): yii\base\View->renderFile('/var/www/html/c...', Array, Object(app\controllers\SiteController))
#10 /var/www/html/composeryiitwodemo/front/app/controllers/SiteController.php(52): yii\base\Controller->render('index')
#11 [internal function]: app\controllers\SiteController->actionIndex()
#12 /var/www/html/composeryiitwodemo/vendor/yiisoft/yii2/base/InlineAction.php(54): call_user_func_array(Array, Array)
#13 /var/www/html/composeryiitwodemo/vendor/yiisoft/yii2/base/Controller.php(147): yii\base\InlineAction->runWithParams(Array)
#14 /var/www/html/composeryiitwodemo/vendor/yiisoft/yii2/base/Module.php(423): yii\base\Controller->runAction('', Array)
#15 /var/www/html/composeryiitwodemo/vendor/yiisoft/yii2/web/Application.php(82): yii\base\Module->runAction('', Array)
#16 /var/www/html/composeryiitwodemo/vendor/yiisoft/yii2/base/Application.php(353): yii\web\Application->handleRequest(Object(yii\web\Request))
#17 /var/www/html/composeryiitwodemo/front/web/index.php(12): yii\base\Application->run()
#18 {main}
2014-05-13 17:42:04 [127.0.0.1][-][-][info][application] $_COOKIE = array (
  'rrfI_b1d4_saltkey' => 'OqVeTplh',
  'rrfI_b1d4_lastvisit' => '1399509018',
  'rrfI_b1d4_ulastactivity' => '9e3aMp9tXT5kf9Em5Pwy9sIglFVvFbEmMEktczSJ7KOIyc16kE+N',
  'rrfI_b1d4_auth' => 'f952gno8RhZgpwjCdY+71ke5KXWGxfSnf5HozwNJibe5HLElpUZ7wqJFzqGL8Q+HnOlG96VE2LLkIyO8F2tx',
  'autofill_type' => 'CB',
  'rrfI_b1d4_visitedfid' => '48',
  'cookieId' => '3bc3873d4ce44440b7e702b07c98f45c',
  'sessionId' => 'fe6e09c088d545c4bd51672434c5f8ad',
  'rrfI_b1d4_forum_lastvisit' => 'D_48_1399515255',
  'BAIDU_CLB_REFER' => 'http://10.10.99.220/index.php?r=www/index',
  '-zdm_b5m_com-activeTimes' => '1',
  '-zdm_b5m_com-lastActiveTime' => '1399546858379',
  '-gzx_b5m_com-activeTimes' => '3',
  '-gzx_b5m_com-lastActiveTime' => '1399862404172',
  '-ucenter_b5m_com-activeTimes' => '3',
  '-ucenter_b5m_com-lastActiveTime' => '1399883155001',
  'token' => '9d9ab0f074b5480f8081fc77ebbcaf27',
  'name' => '""',
  'nickname' => 'weiyan04',
  'email' => 'weiyan04@126.com',
  'login' => 'true',
  'avatar' => '""',
  'showname' => 'weiyan04',
  '_csrf' => '2064ed4af61964317cbead4f9d29d65172d9fd5b18494adc68c3de81c491b04ds:32:"FEbW034iCywx4Jv7oyzpdJH-NbpqpJ5f";',
  '-pre_b5m_com-activeTimes' => '5',
  '-pre_b5m_com-lastActiveTime' => '1399968750193',
  'count-prod-date' => '224389632',
  'rrfI_b1d4_sid' => 'U9oRal',
  'rrfI_b1d4_lip' => '10.10.99.108,1399969296',
  'rrfI_b1d4_lastact' => '1399969302	lottery.php	week',
  '-www_b5m_com-activeTimes' => '4',
  '-www_b5m_com-lastActiveTime' => '1399969302851',
  'Hm_lvt_12f262996fc81e00f6abfc009a515ac9' => '1399543338,1399690256,1399690258,1399957580',
  'Hm_lpvt_12f262996fc81e00f6abfc009a515ac9' => '1399969303',
  '__auc' => 'c98dbc78145d99bfdefe9aae3f6',
)

$_SERVER = array (
  'USER' => 'www',
  'HOME' => '/home/www',
  'FCGI_ROLE' => 'RESPONDER',
  'SCRIPT_FILENAME' => '/var/www/html/composeryiitwodemo/front/web/index.php',
  'QUERY_STRING' => '',
  'REQUEST_METHOD' => 'GET',
  'CONTENT_TYPE' => '',
  'CONTENT_LENGTH' => '',
  'SCRIPT_NAME' => '/index.php',
  'REQUEST_URI' => '/',
  'DOCUMENT_URI' => '/index.php',
  'DOCUMENT_ROOT' => '/var/www/html/composeryiitwodemo/front/web',
  'SERVER_PROTOCOL' => 'HTTP/1.1',
  'GATEWAY_INTERFACE' => 'CGI/1.1',
  'SERVER_SOFTWARE' => 'nginx/1.4.2',
  'REMOTE_ADDR' => '127.0.0.1',
  'REMOTE_PORT' => '39911',
  'SERVER_ADDR' => '127.0.0.1',
  'SERVER_PORT' => '80',
  'SERVER_NAME' => 'composeryiitwodemo.b5m.com',
  'REDIRECT_STATUS' => '200',
  'HTTP_HOST' => 'composeryiitwodemo.b5m.com',
  'HTTP_CONNECTION' => 'keep-alive',
  'HTTP_CACHE_CONTROL' => 'max-age=0',
  'HTTP_ACCEPT' => 'text/html,application/xhtml+xml,application/xml;q=0.9,image/webp,*/*;q=0.8',
  'HTTP_USER_AGENT' => 'Mozilla/5.0 (X11; Linux x86_64) AppleWebKit/537.36 (KHTML, like Gecko) Chrome/34.0.1847.132 Safari/537.36',
  'HTTP_ACCEPT_ENCODING' => 'gzip,deflate,sdch',
  'HTTP_ACCEPT_LANGUAGE' => 'zh-CN,zh;q=0.8,ja;q=0.6,zh-TW;q=0.4',
  'HTTP_COOKIE' => 'rrfI_b1d4_saltkey=OqVeTplh; rrfI_b1d4_lastvisit=1399509018; rrfI_b1d4_ulastactivity=9e3aMp9tXT5kf9Em5Pwy9sIglFVvFbEmMEktczSJ7KOIyc16kE%2BN; rrfI_b1d4_auth=f952gno8RhZgpwjCdY%2B71ke5KXWGxfSnf5HozwNJibe5HLElpUZ7wqJFzqGL8Q%2BHnOlG96VE2LLkIyO8F2tx; autofill_type=CB; rrfI_b1d4_visitedfid=48; cookieId=3bc3873d4ce44440b7e702b07c98f45c; sessionId=fe6e09c088d545c4bd51672434c5f8ad; rrfI_b1d4_forum_lastvisit=D_48_1399515255; BAIDU_CLB_REFER=http%3A%2F%2F10.10.99.220%2Findex.php%3Fr%3Dwww%2Findex; -zdm.b5m.com-activeTimes=1; -zdm.b5m.com-lastActiveTime=1399546858379; -gzx.b5m.com-activeTimes=3; -gzx.b5m.com-lastActiveTime=1399862404172; -ucenter.b5m.com-activeTimes=3; -ucenter.b5m.com-lastActiveTime=1399883155001; token=9d9ab0f074b5480f8081fc77ebbcaf27; name=""; nickname=weiyan04; email=weiyan04%40126.com; login=true; avatar=""; showname=weiyan04; _csrf=2064ed4af61964317cbead4f9d29d65172d9fd5b18494adc68c3de81c491b04ds%3A32%3A%22FEbW034iCywx4Jv7oyzpdJH-NbpqpJ5f%22%3B; -pre.b5m.com-activeTimes=5; -pre.b5m.com-lastActiveTime=1399968750193; count-prod-date=224389632; rrfI_b1d4_sid=U9oRal; rrfI_b1d4_lip=10.10.99.108%2C1399969296; rrfI_b1d4_lastact=1399969302%09lottery.php%09week; -www.b5m.com-activeTimes=4; -www.b5m.com-lastActiveTime=1399969302851; Hm_lvt_12f262996fc81e00f6abfc009a515ac9=1399543338,1399690256,1399690258,1399957580; Hm_lpvt_12f262996fc81e00f6abfc009a515ac9=1399969303; __auc=c98dbc78145d99bfdefe9aae3f6',
  'PHP_SELF' => '/index.php',
  'REQUEST_TIME_FLOAT' => 1399974124.3062589,
  'REQUEST_TIME' => 1399974124,
)
2014-05-13 18:23:06 [127.0.0.1][-][-][error][yii\web\HttpException:404] exception 'yii\base\InvalidRouteException' with message 'Unable to resolve the request "".' in /var/www/html/composeryiitwodemo/vendor/yiisoft/yii2/base/Module.php:429
Stack trace:
#0 /var/www/html/composeryiitwodemo/vendor/yiisoft/yii2/web/Application.php(82): yii\base\Module->runAction('', Array)
#1 /var/www/html/composeryiitwodemo/vendor/yiisoft/yii2/base/Application.php(353): yii\web\Application->handleRequest(Object(yii\web\Request))
#2 /var/www/html/composeryiitwodemo/front/web/index.php(14): yii\base\Application->run()
#3 {main}

Next exception 'yii\web\NotFoundHttpException' with message 'Unable to resolve the request "".' in /var/www/html/composeryiitwodemo/vendor/yiisoft/yii2/web/Application.php:94
Stack trace:
#0 /var/www/html/composeryiitwodemo/vendor/yiisoft/yii2/base/Application.php(353): yii\web\Application->handleRequest(Object(yii\web\Request))
#1 /var/www/html/composeryiitwodemo/front/web/index.php(14): yii\base\Application->run()
#2 {main}
2014-05-13 18:23:06 [127.0.0.1][-][-][info][application] $_COOKIE = array (
  'rrfI_b1d4_saltkey' => 'OqVeTplh',
  'rrfI_b1d4_lastvisit' => '1399509018',
  'rrfI_b1d4_ulastactivity' => '9e3aMp9tXT5kf9Em5Pwy9sIglFVvFbEmMEktczSJ7KOIyc16kE+N',
  'rrfI_b1d4_auth' => 'f952gno8RhZgpwjCdY+71ke5KXWGxfSnf5HozwNJibe5HLElpUZ7wqJFzqGL8Q+HnOlG96VE2LLkIyO8F2tx',
  'autofill_type' => 'CB',
  'rrfI_b1d4_visitedfid' => '48',
  'cookieId' => '3bc3873d4ce44440b7e702b07c98f45c',
  'sessionId' => 'fe6e09c088d545c4bd51672434c5f8ad',
  'rrfI_b1d4_forum_lastvisit' => 'D_48_1399515255',
  'BAIDU_CLB_REFER' => 'http://10.10.99.220/index.php?r=www/index',
  '-zdm_b5m_com-activeTimes' => '1',
  '-zdm_b5m_com-lastActiveTime' => '1399546858379',
  '-gzx_b5m_com-activeTimes' => '3',
  '-gzx_b5m_com-lastActiveTime' => '1399862404172',
  '-ucenter_b5m_com-activeTimes' => '3',
  '-ucenter_b5m_com-lastActiveTime' => '1399883155001',
  'token' => '9d9ab0f074b5480f8081fc77ebbcaf27',
  'name' => '""',
  'nickname' => 'weiyan04',
  'email' => 'weiyan04@126.com',
  'login' => 'true',
  'avatar' => '""',
  'showname' => 'weiyan04',
  '-pre_b5m_com-activeTimes' => '5',
  '-pre_b5m_com-lastActiveTime' => '1399968750193',
  'count-prod-date' => '224389632',
  'rrfI_b1d4_sid' => 'U9oRal',
  'rrfI_b1d4_lip' => '10.10.99.108,1399969296',
  'rrfI_b1d4_lastact' => '1399969302	lottery.php	week',
  '-www_b5m_com-activeTimes' => '4',
  '-www_b5m_com-lastActiveTime' => '1399969302851',
  'Hm_lvt_12f262996fc81e00f6abfc009a515ac9' => '1399543338,1399690256,1399690258,1399957580',
  'Hm_lpvt_12f262996fc81e00f6abfc009a515ac9' => '1399969303',
  '__auc' => 'c98dbc78145d99bfdefe9aae3f6',
  '_csrf' => '3c762aeac4cfe281c2102bc6869e9851d83c98bd8b2056a11a565ceb4b2bd95bs:32:"4sHtI9LNxVPEmFWb9bXWmfhQuzQk_BY2";',
)

$_SERVER = array (
  'USER' => 'www',
  'HOME' => '/home/www',
  'FCGI_ROLE' => 'RESPONDER',
  'SCRIPT_FILENAME' => '/var/www/html/composeryiitwodemo/front/web/index.php',
  'QUERY_STRING' => '',
  'REQUEST_METHOD' => 'GET',
  'CONTENT_TYPE' => '',
  'CONTENT_LENGTH' => '',
  'SCRIPT_NAME' => '/index.php',
  'REQUEST_URI' => '/',
  'DOCUMENT_URI' => '/index.php',
  'DOCUMENT_ROOT' => '/var/www/html/composeryiitwodemo/front/web',
  'SERVER_PROTOCOL' => 'HTTP/1.1',
  'GATEWAY_INTERFACE' => 'CGI/1.1',
  'SERVER_SOFTWARE' => 'nginx/1.4.2',
  'REMOTE_ADDR' => '127.0.0.1',
  'REMOTE_PORT' => '40366',
  'SERVER_ADDR' => '127.0.0.1',
  'SERVER_PORT' => '80',
  'SERVER_NAME' => 'composeryiitwodemo.b5m.com',
  'REDIRECT_STATUS' => '200',
  'HTTP_HOST' => 'composeryiitwodemo.b5m.com',
  'HTTP_CONNECTION' => 'keep-alive',
  'HTTP_CACHE_CONTROL' => 'max-age=0',
  'HTTP_ACCEPT' => 'text/html,application/xhtml+xml,application/xml;q=0.9,image/webp,*/*;q=0.8',
  'HTTP_USER_AGENT' => 'Mozilla/5.0 (X11; Linux x86_64) AppleWebKit/537.36 (KHTML, like Gecko) Chrome/34.0.1847.132 Safari/537.36',
  'HTTP_ACCEPT_ENCODING' => 'gzip,deflate,sdch',
  'HTTP_ACCEPT_LANGUAGE' => 'zh-CN,zh;q=0.8,ja;q=0.6,zh-TW;q=0.4',
  'HTTP_COOKIE' => 'rrfI_b1d4_saltkey=OqVeTplh; rrfI_b1d4_lastvisit=1399509018; rrfI_b1d4_ulastactivity=9e3aMp9tXT5kf9Em5Pwy9sIglFVvFbEmMEktczSJ7KOIyc16kE%2BN; rrfI_b1d4_auth=f952gno8RhZgpwjCdY%2B71ke5KXWGxfSnf5HozwNJibe5HLElpUZ7wqJFzqGL8Q%2BHnOlG96VE2LLkIyO8F2tx; autofill_type=CB; rrfI_b1d4_visitedfid=48; cookieId=3bc3873d4ce44440b7e702b07c98f45c; sessionId=fe6e09c088d545c4bd51672434c5f8ad; rrfI_b1d4_forum_lastvisit=D_48_1399515255; BAIDU_CLB_REFER=http%3A%2F%2F10.10.99.220%2Findex.php%3Fr%3Dwww%2Findex; -zdm.b5m.com-activeTimes=1; -zdm.b5m.com-lastActiveTime=1399546858379; -gzx.b5m.com-activeTimes=3; -gzx.b5m.com-lastActiveTime=1399862404172; -ucenter.b5m.com-activeTimes=3; -ucenter.b5m.com-lastActiveTime=1399883155001; token=9d9ab0f074b5480f8081fc77ebbcaf27; name=""; nickname=weiyan04; email=weiyan04%40126.com; login=true; avatar=""; showname=weiyan04; -pre.b5m.com-activeTimes=5; -pre.b5m.com-lastActiveTime=1399968750193; count-prod-date=224389632; rrfI_b1d4_sid=U9oRal; rrfI_b1d4_lip=10.10.99.108%2C1399969296; rrfI_b1d4_lastact=1399969302%09lottery.php%09week; -www.b5m.com-activeTimes=4; -www.b5m.com-lastActiveTime=1399969302851; Hm_lvt_12f262996fc81e00f6abfc009a515ac9=1399543338,1399690256,1399690258,1399957580; Hm_lpvt_12f262996fc81e00f6abfc009a515ac9=1399969303; __auc=c98dbc78145d99bfdefe9aae3f6; _csrf=3c762aeac4cfe281c2102bc6869e9851d83c98bd8b2056a11a565ceb4b2bd95bs%3A32%3A%224sHtI9LNxVPEmFWb9bXWmfhQuzQk_BY2%22%3B',
  'PHP_SELF' => '/index.php',
  'REQUEST_TIME_FLOAT' => 1399976586.6191671,
  'REQUEST_TIME' => 1399976586,
)
2014-05-13 18:23:23 [127.0.0.1][-][-][error][yii\web\HttpException:404] exception 'yii\base\InvalidRouteException' with message 'Unable to resolve the request "".' in /var/www/html/composeryiitwodemo/vendor/yiisoft/yii2/base/Module.php:429
Stack trace:
#0 /var/www/html/composeryiitwodemo/vendor/yiisoft/yii2/web/Application.php(82): yii\base\Module->runAction('', Array)
#1 /var/www/html/composeryiitwodemo/vendor/yiisoft/yii2/base/Application.php(353): yii\web\Application->handleRequest(Object(yii\web\Request))
#2 /var/www/html/composeryiitwodemo/front/web/index.php(14): yii\base\Application->run()
#3 {main}

Next exception 'yii\web\NotFoundHttpException' with message 'Unable to resolve the request "".' in /var/www/html/composeryiitwodemo/vendor/yiisoft/yii2/web/Application.php:94
Stack trace:
#0 /var/www/html/composeryiitwodemo/vendor/yiisoft/yii2/base/Application.php(353): yii\web\Application->handleRequest(Object(yii\web\Request))
#1 /var/www/html/composeryiitwodemo/front/web/index.php(14): yii\base\Application->run()
#2 {main}
2014-05-13 18:23:23 [127.0.0.1][-][-][info][application] $_COOKIE = array (
  'rrfI_b1d4_saltkey' => 'OqVeTplh',
  'rrfI_b1d4_lastvisit' => '1399509018',
  'rrfI_b1d4_ulastactivity' => '9e3aMp9tXT5kf9Em5Pwy9sIglFVvFbEmMEktczSJ7KOIyc16kE+N',
  'rrfI_b1d4_auth' => 'f952gno8RhZgpwjCdY+71ke5KXWGxfSnf5HozwNJibe5HLElpUZ7wqJFzqGL8Q+HnOlG96VE2LLkIyO8F2tx',
  'autofill_type' => 'CB',
  'rrfI_b1d4_visitedfid' => '48',
  'cookieId' => '3bc3873d4ce44440b7e702b07c98f45c',
  'sessionId' => 'fe6e09c088d545c4bd51672434c5f8ad',
  'rrfI_b1d4_forum_lastvisit' => 'D_48_1399515255',
  'BAIDU_CLB_REFER' => 'http://10.10.99.220/index.php?r=www/index',
  '-zdm_b5m_com-activeTimes' => '1',
  '-zdm_b5m_com-lastActiveTime' => '1399546858379',
  '-gzx_b5m_com-activeTimes' => '3',
  '-gzx_b5m_com-lastActiveTime' => '1399862404172',
  '-ucenter_b5m_com-activeTimes' => '3',
  '-ucenter_b5m_com-lastActiveTime' => '1399883155001',
  'token' => '9d9ab0f074b5480f8081fc77ebbcaf27',
  'name' => '""',
  'nickname' => 'weiyan04',
  'email' => 'weiyan04@126.com',
  'login' => 'true',
  'avatar' => '""',
  'showname' => 'weiyan04',
  '-pre_b5m_com-activeTimes' => '5',
  '-pre_b5m_com-lastActiveTime' => '1399968750193',
  'count-prod-date' => '224389632',
  'rrfI_b1d4_sid' => 'U9oRal',
  'rrfI_b1d4_lip' => '10.10.99.108,1399969296',
  'rrfI_b1d4_lastact' => '1399969302	lottery.php	week',
  '-www_b5m_com-activeTimes' => '4',
  '-www_b5m_com-lastActiveTime' => '1399969302851',
  'Hm_lvt_12f262996fc81e00f6abfc009a515ac9' => '1399543338,1399690256,1399690258,1399957580',
  'Hm_lpvt_12f262996fc81e00f6abfc009a515ac9' => '1399969303',
  '__auc' => 'c98dbc78145d99bfdefe9aae3f6',
  '_csrf' => '3c762aeac4cfe281c2102bc6869e9851d83c98bd8b2056a11a565ceb4b2bd95bs:32:"4sHtI9LNxVPEmFWb9bXWmfhQuzQk_BY2";',
)

$_SERVER = array (
  'USER' => 'www',
  'HOME' => '/home/www',
  'FCGI_ROLE' => 'RESPONDER',
  'SCRIPT_FILENAME' => '/var/www/html/composeryiitwodemo/front/web/index.php',
  'QUERY_STRING' => '',
  'REQUEST_METHOD' => 'GET',
  'CONTENT_TYPE' => '',
  'CONTENT_LENGTH' => '',
  'SCRIPT_NAME' => '/index.php',
  'REQUEST_URI' => '/',
  'DOCUMENT_URI' => '/index.php',
  'DOCUMENT_ROOT' => '/var/www/html/composeryiitwodemo/front/web',
  'SERVER_PROTOCOL' => 'HTTP/1.1',
  'GATEWAY_INTERFACE' => 'CGI/1.1',
  'SERVER_SOFTWARE' => 'nginx/1.4.2',
  'REMOTE_ADDR' => '127.0.0.1',
  'REMOTE_PORT' => '40366',
  'SERVER_ADDR' => '127.0.0.1',
  'SERVER_PORT' => '80',
  'SERVER_NAME' => 'composeryiitwodemo.b5m.com',
  'REDIRECT_STATUS' => '200',
  'HTTP_HOST' => 'composeryiitwodemo.b5m.com',
  'HTTP_CONNECTION' => 'keep-alive',
  'HTTP_CACHE_CONTROL' => 'max-age=0',
  'HTTP_ACCEPT' => 'text/html,application/xhtml+xml,application/xml;q=0.9,image/webp,*/*;q=0.8',
  'HTTP_USER_AGENT' => 'Mozilla/5.0 (X11; Linux x86_64) AppleWebKit/537.36 (KHTML, like Gecko) Chrome/34.0.1847.132 Safari/537.36',
  'HTTP_ACCEPT_ENCODING' => 'gzip,deflate,sdch',
  'HTTP_ACCEPT_LANGUAGE' => 'zh-CN,zh;q=0.8,ja;q=0.6,zh-TW;q=0.4',
  'HTTP_COOKIE' => 'rrfI_b1d4_saltkey=OqVeTplh; rrfI_b1d4_lastvisit=1399509018; rrfI_b1d4_ulastactivity=9e3aMp9tXT5kf9Em5Pwy9sIglFVvFbEmMEktczSJ7KOIyc16kE%2BN; rrfI_b1d4_auth=f952gno8RhZgpwjCdY%2B71ke5KXWGxfSnf5HozwNJibe5HLElpUZ7wqJFzqGL8Q%2BHnOlG96VE2LLkIyO8F2tx; autofill_type=CB; rrfI_b1d4_visitedfid=48; cookieId=3bc3873d4ce44440b7e702b07c98f45c; sessionId=fe6e09c088d545c4bd51672434c5f8ad; rrfI_b1d4_forum_lastvisit=D_48_1399515255; BAIDU_CLB_REFER=http%3A%2F%2F10.10.99.220%2Findex.php%3Fr%3Dwww%2Findex; -zdm.b5m.com-activeTimes=1; -zdm.b5m.com-lastActiveTime=1399546858379; -gzx.b5m.com-activeTimes=3; -gzx.b5m.com-lastActiveTime=1399862404172; -ucenter.b5m.com-activeTimes=3; -ucenter.b5m.com-lastActiveTime=1399883155001; token=9d9ab0f074b5480f8081fc77ebbcaf27; name=""; nickname=weiyan04; email=weiyan04%40126.com; login=true; avatar=""; showname=weiyan04; -pre.b5m.com-activeTimes=5; -pre.b5m.com-lastActiveTime=1399968750193; count-prod-date=224389632; rrfI_b1d4_sid=U9oRal; rrfI_b1d4_lip=10.10.99.108%2C1399969296; rrfI_b1d4_lastact=1399969302%09lottery.php%09week; -www.b5m.com-activeTimes=4; -www.b5m.com-lastActiveTime=1399969302851; Hm_lvt_12f262996fc81e00f6abfc009a515ac9=1399543338,1399690256,1399690258,1399957580; Hm_lpvt_12f262996fc81e00f6abfc009a515ac9=1399969303; __auc=c98dbc78145d99bfdefe9aae3f6; _csrf=3c762aeac4cfe281c2102bc6869e9851d83c98bd8b2056a11a565ceb4b2bd95bs%3A32%3A%224sHtI9LNxVPEmFWb9bXWmfhQuzQk_BY2%22%3B',
  'PHP_SELF' => '/index.php',
  'REQUEST_TIME_FLOAT' => 1399976603.166646,
  'REQUEST_TIME' => 1399976603,
)
2014-05-13 18:23:30 [127.0.0.1][-][-][error][yii\web\HttpException:404] exception 'yii\base\InvalidRouteException' with message 'Unable to resolve the request "".' in /var/www/html/composeryiitwodemo/vendor/yiisoft/yii2/base/Module.php:429
Stack trace:
#0 /var/www/html/composeryiitwodemo/vendor/yiisoft/yii2/web/Application.php(82): yii\base\Module->runAction('', Array)
#1 /var/www/html/composeryiitwodemo/vendor/yiisoft/yii2/base/Application.php(353): yii\web\Application->handleRequest(Object(yii\web\Request))
#2 /var/www/html/composeryiitwodemo/front/web/index.php(14): yii\base\Application->run()
#3 {main}

Next exception 'yii\web\NotFoundHttpException' with message 'Unable to resolve the request "".' in /var/www/html/composeryiitwodemo/vendor/yiisoft/yii2/web/Application.php:94
Stack trace:
#0 /var/www/html/composeryiitwodemo/vendor/yiisoft/yii2/base/Application.php(353): yii\web\Application->handleRequest(Object(yii\web\Request))
#1 /var/www/html/composeryiitwodemo/front/web/index.php(14): yii\base\Application->run()
#2 {main}
2014-05-13 18:23:30 [127.0.0.1][-][-][info][application] $_COOKIE = array (
  'rrfI_b1d4_saltkey' => 'OqVeTplh',
  'rrfI_b1d4_lastvisit' => '1399509018',
  'rrfI_b1d4_ulastactivity' => '9e3aMp9tXT5kf9Em5Pwy9sIglFVvFbEmMEktczSJ7KOIyc16kE+N',
  'rrfI_b1d4_auth' => 'f952gno8RhZgpwjCdY+71ke5KXWGxfSnf5HozwNJibe5HLElpUZ7wqJFzqGL8Q+HnOlG96VE2LLkIyO8F2tx',
  'autofill_type' => 'CB',
  'rrfI_b1d4_visitedfid' => '48',
  'cookieId' => '3bc3873d4ce44440b7e702b07c98f45c',
  'sessionId' => 'fe6e09c088d545c4bd51672434c5f8ad',
  'rrfI_b1d4_forum_lastvisit' => 'D_48_1399515255',
  'BAIDU_CLB_REFER' => 'http://10.10.99.220/index.php?r=www/index',
  '-zdm_b5m_com-activeTimes' => '1',
  '-zdm_b5m_com-lastActiveTime' => '1399546858379',
  '-gzx_b5m_com-activeTimes' => '3',
  '-gzx_b5m_com-lastActiveTime' => '1399862404172',
  '-ucenter_b5m_com-activeTimes' => '3',
  '-ucenter_b5m_com-lastActiveTime' => '1399883155001',
  'token' => '9d9ab0f074b5480f8081fc77ebbcaf27',
  'name' => '""',
  'nickname' => 'weiyan04',
  'email' => 'weiyan04@126.com',
  'login' => 'true',
  'avatar' => '""',
  'showname' => 'weiyan04',
  '-pre_b5m_com-activeTimes' => '5',
  '-pre_b5m_com-lastActiveTime' => '1399968750193',
  'count-prod-date' => '224389632',
  'rrfI_b1d4_sid' => 'U9oRal',
  'rrfI_b1d4_lip' => '10.10.99.108,1399969296',
  'rrfI_b1d4_lastact' => '1399969302	lottery.php	week',
  '-www_b5m_com-activeTimes' => '4',
  '-www_b5m_com-lastActiveTime' => '1399969302851',
  'Hm_lvt_12f262996fc81e00f6abfc009a515ac9' => '1399543338,1399690256,1399690258,1399957580',
  'Hm_lpvt_12f262996fc81e00f6abfc009a515ac9' => '1399969303',
  '__auc' => 'c98dbc78145d99bfdefe9aae3f6',
  '_csrf' => '3c762aeac4cfe281c2102bc6869e9851d83c98bd8b2056a11a565ceb4b2bd95bs:32:"4sHtI9LNxVPEmFWb9bXWmfhQuzQk_BY2";',
)

$_SERVER = array (
  'USER' => 'www',
  'HOME' => '/home/www',
  'FCGI_ROLE' => 'RESPONDER',
  'SCRIPT_FILENAME' => '/var/www/html/composeryiitwodemo/front/web/index.php',
  'QUERY_STRING' => '',
  'REQUEST_METHOD' => 'GET',
  'CONTENT_TYPE' => '',
  'CONTENT_LENGTH' => '',
  'SCRIPT_NAME' => '/index.php',
  'REQUEST_URI' => '/',
  'DOCUMENT_URI' => '/index.php',
  'DOCUMENT_ROOT' => '/var/www/html/composeryiitwodemo/front/web',
  'SERVER_PROTOCOL' => 'HTTP/1.1',
  'GATEWAY_INTERFACE' => 'CGI/1.1',
  'SERVER_SOFTWARE' => 'nginx/1.4.2',
  'REMOTE_ADDR' => '127.0.0.1',
  'REMOTE_PORT' => '40366',
  'SERVER_ADDR' => '127.0.0.1',
  'SERVER_PORT' => '80',
  'SERVER_NAME' => 'composeryiitwodemo.b5m.com',
  'REDIRECT_STATUS' => '200',
  'HTTP_HOST' => 'composeryiitwodemo.b5m.com',
  'HTTP_CONNECTION' => 'keep-alive',
  'HTTP_CACHE_CONTROL' => 'max-age=0',
  'HTTP_ACCEPT' => 'text/html,application/xhtml+xml,application/xml;q=0.9,image/webp,*/*;q=0.8',
  'HTTP_USER_AGENT' => 'Mozilla/5.0 (X11; Linux x86_64) AppleWebKit/537.36 (KHTML, like Gecko) Chrome/34.0.1847.132 Safari/537.36',
  'HTTP_ACCEPT_ENCODING' => 'gzip,deflate,sdch',
  'HTTP_ACCEPT_LANGUAGE' => 'zh-CN,zh;q=0.8,ja;q=0.6,zh-TW;q=0.4',
  'HTTP_COOKIE' => 'rrfI_b1d4_saltkey=OqVeTplh; rrfI_b1d4_lastvisit=1399509018; rrfI_b1d4_ulastactivity=9e3aMp9tXT5kf9Em5Pwy9sIglFVvFbEmMEktczSJ7KOIyc16kE%2BN; rrfI_b1d4_auth=f952gno8RhZgpwjCdY%2B71ke5KXWGxfSnf5HozwNJibe5HLElpUZ7wqJFzqGL8Q%2BHnOlG96VE2LLkIyO8F2tx; autofill_type=CB; rrfI_b1d4_visitedfid=48; cookieId=3bc3873d4ce44440b7e702b07c98f45c; sessionId=fe6e09c088d545c4bd51672434c5f8ad; rrfI_b1d4_forum_lastvisit=D_48_1399515255; BAIDU_CLB_REFER=http%3A%2F%2F10.10.99.220%2Findex.php%3Fr%3Dwww%2Findex; -zdm.b5m.com-activeTimes=1; -zdm.b5m.com-lastActiveTime=1399546858379; -gzx.b5m.com-activeTimes=3; -gzx.b5m.com-lastActiveTime=1399862404172; -ucenter.b5m.com-activeTimes=3; -ucenter.b5m.com-lastActiveTime=1399883155001; token=9d9ab0f074b5480f8081fc77ebbcaf27; name=""; nickname=weiyan04; email=weiyan04%40126.com; login=true; avatar=""; showname=weiyan04; -pre.b5m.com-activeTimes=5; -pre.b5m.com-lastActiveTime=1399968750193; count-prod-date=224389632; rrfI_b1d4_sid=U9oRal; rrfI_b1d4_lip=10.10.99.108%2C1399969296; rrfI_b1d4_lastact=1399969302%09lottery.php%09week; -www.b5m.com-activeTimes=4; -www.b5m.com-lastActiveTime=1399969302851; Hm_lvt_12f262996fc81e00f6abfc009a515ac9=1399543338,1399690256,1399690258,1399957580; Hm_lpvt_12f262996fc81e00f6abfc009a515ac9=1399969303; __auc=c98dbc78145d99bfdefe9aae3f6; _csrf=3c762aeac4cfe281c2102bc6869e9851d83c98bd8b2056a11a565ceb4b2bd95bs%3A32%3A%224sHtI9LNxVPEmFWb9bXWmfhQuzQk_BY2%22%3B',
  'PHP_SELF' => '/index.php',
  'REQUEST_TIME_FLOAT' => 1399976610.9347439,
  'REQUEST_TIME' => 1399976610,
)
2014-05-13 18:23:33 [127.0.0.1][-][-][error][yii\web\HttpException:404] exception 'yii\base\InvalidRouteException' with message 'Unable to resolve the request "".' in /var/www/html/composeryiitwodemo/vendor/yiisoft/yii2/base/Module.php:429
Stack trace:
#0 /var/www/html/composeryiitwodemo/vendor/yiisoft/yii2/web/Application.php(82): yii\base\Module->runAction('', Array)
#1 /var/www/html/composeryiitwodemo/vendor/yiisoft/yii2/base/Application.php(353): yii\web\Application->handleRequest(Object(yii\web\Request))
#2 /var/www/html/composeryiitwodemo/front/web/index.php(14): yii\base\Application->run()
#3 {main}

Next exception 'yii\web\NotFoundHttpException' with message 'Unable to resolve the request "".' in /var/www/html/composeryiitwodemo/vendor/yiisoft/yii2/web/Application.php:94
Stack trace:
#0 /var/www/html/composeryiitwodemo/vendor/yiisoft/yii2/base/Application.php(353): yii\web\Application->handleRequest(Object(yii\web\Request))
#1 /var/www/html/composeryiitwodemo/front/web/index.php(14): yii\base\Application->run()
#2 {main}
2014-05-13 18:23:33 [127.0.0.1][-][-][info][application] $_COOKIE = array (
  'rrfI_b1d4_saltkey' => 'OqVeTplh',
  'rrfI_b1d4_lastvisit' => '1399509018',
  'rrfI_b1d4_ulastactivity' => '9e3aMp9tXT5kf9Em5Pwy9sIglFVvFbEmMEktczSJ7KOIyc16kE+N',
  'rrfI_b1d4_auth' => 'f952gno8RhZgpwjCdY+71ke5KXWGxfSnf5HozwNJibe5HLElpUZ7wqJFzqGL8Q+HnOlG96VE2LLkIyO8F2tx',
  'autofill_type' => 'CB',
  'rrfI_b1d4_visitedfid' => '48',
  'cookieId' => '3bc3873d4ce44440b7e702b07c98f45c',
  'sessionId' => 'fe6e09c088d545c4bd51672434c5f8ad',
  'rrfI_b1d4_forum_lastvisit' => 'D_48_1399515255',
  'BAIDU_CLB_REFER' => 'http://10.10.99.220/index.php?r=www/index',
  '-zdm_b5m_com-activeTimes' => '1',
  '-zdm_b5m_com-lastActiveTime' => '1399546858379',
  '-gzx_b5m_com-activeTimes' => '3',
  '-gzx_b5m_com-lastActiveTime' => '1399862404172',
  '-ucenter_b5m_com-activeTimes' => '3',
  '-ucenter_b5m_com-lastActiveTime' => '1399883155001',
  'token' => '9d9ab0f074b5480f8081fc77ebbcaf27',
  'name' => '""',
  'nickname' => 'weiyan04',
  'email' => 'weiyan04@126.com',
  'login' => 'true',
  'avatar' => '""',
  'showname' => 'weiyan04',
  '-pre_b5m_com-activeTimes' => '5',
  '-pre_b5m_com-lastActiveTime' => '1399968750193',
  'count-prod-date' => '224389632',
  'rrfI_b1d4_sid' => 'U9oRal',
  'rrfI_b1d4_lip' => '10.10.99.108,1399969296',
  'rrfI_b1d4_lastact' => '1399969302	lottery.php	week',
  '-www_b5m_com-activeTimes' => '4',
  '-www_b5m_com-lastActiveTime' => '1399969302851',
  'Hm_lvt_12f262996fc81e00f6abfc009a515ac9' => '1399543338,1399690256,1399690258,1399957580',
  'Hm_lpvt_12f262996fc81e00f6abfc009a515ac9' => '1399969303',
  '__auc' => 'c98dbc78145d99bfdefe9aae3f6',
  '_csrf' => '3c762aeac4cfe281c2102bc6869e9851d83c98bd8b2056a11a565ceb4b2bd95bs:32:"4sHtI9LNxVPEmFWb9bXWmfhQuzQk_BY2";',
)

$_SERVER = array (
  'USER' => 'www',
  'HOME' => '/home/www',
  'FCGI_ROLE' => 'RESPONDER',
  'SCRIPT_FILENAME' => '/var/www/html/composeryiitwodemo/front/web/index.php',
  'QUERY_STRING' => '',
  'REQUEST_METHOD' => 'GET',
  'CONTENT_TYPE' => '',
  'CONTENT_LENGTH' => '',
  'SCRIPT_NAME' => '/index.php',
  'REQUEST_URI' => '/',
  'DOCUMENT_URI' => '/index.php',
  'DOCUMENT_ROOT' => '/var/www/html/composeryiitwodemo/front/web',
  'SERVER_PROTOCOL' => 'HTTP/1.1',
  'GATEWAY_INTERFACE' => 'CGI/1.1',
  'SERVER_SOFTWARE' => 'nginx/1.4.2',
  'REMOTE_ADDR' => '127.0.0.1',
  'REMOTE_PORT' => '40366',
  'SERVER_ADDR' => '127.0.0.1',
  'SERVER_PORT' => '80',
  'SERVER_NAME' => 'composeryiitwodemo.b5m.com',
  'REDIRECT_STATUS' => '200',
  'HTTP_HOST' => 'composeryiitwodemo.b5m.com',
  'HTTP_CONNECTION' => 'keep-alive',
  'HTTP_CACHE_CONTROL' => 'max-age=0',
  'HTTP_ACCEPT' => 'text/html,application/xhtml+xml,application/xml;q=0.9,image/webp,*/*;q=0.8',
  'HTTP_USER_AGENT' => 'Mozilla/5.0 (X11; Linux x86_64) AppleWebKit/537.36 (KHTML, like Gecko) Chrome/34.0.1847.132 Safari/537.36',
  'HTTP_ACCEPT_ENCODING' => 'gzip,deflate,sdch',
  'HTTP_ACCEPT_LANGUAGE' => 'zh-CN,zh;q=0.8,ja;q=0.6,zh-TW;q=0.4',
  'HTTP_COOKIE' => 'rrfI_b1d4_saltkey=OqVeTplh; rrfI_b1d4_lastvisit=1399509018; rrfI_b1d4_ulastactivity=9e3aMp9tXT5kf9Em5Pwy9sIglFVvFbEmMEktczSJ7KOIyc16kE%2BN; rrfI_b1d4_auth=f952gno8RhZgpwjCdY%2B71ke5KXWGxfSnf5HozwNJibe5HLElpUZ7wqJFzqGL8Q%2BHnOlG96VE2LLkIyO8F2tx; autofill_type=CB; rrfI_b1d4_visitedfid=48; cookieId=3bc3873d4ce44440b7e702b07c98f45c; sessionId=fe6e09c088d545c4bd51672434c5f8ad; rrfI_b1d4_forum_lastvisit=D_48_1399515255; BAIDU_CLB_REFER=http%3A%2F%2F10.10.99.220%2Findex.php%3Fr%3Dwww%2Findex; -zdm.b5m.com-activeTimes=1; -zdm.b5m.com-lastActiveTime=1399546858379; -gzx.b5m.com-activeTimes=3; -gzx.b5m.com-lastActiveTime=1399862404172; -ucenter.b5m.com-activeTimes=3; -ucenter.b5m.com-lastActiveTime=1399883155001; token=9d9ab0f074b5480f8081fc77ebbcaf27; name=""; nickname=weiyan04; email=weiyan04%40126.com; login=true; avatar=""; showname=weiyan04; -pre.b5m.com-activeTimes=5; -pre.b5m.com-lastActiveTime=1399968750193; count-prod-date=224389632; rrfI_b1d4_sid=U9oRal; rrfI_b1d4_lip=10.10.99.108%2C1399969296; rrfI_b1d4_lastact=1399969302%09lottery.php%09week; -www.b5m.com-activeTimes=4; -www.b5m.com-lastActiveTime=1399969302851; Hm_lvt_12f262996fc81e00f6abfc009a515ac9=1399543338,1399690256,1399690258,1399957580; Hm_lpvt_12f262996fc81e00f6abfc009a515ac9=1399969303; __auc=c98dbc78145d99bfdefe9aae3f6; _csrf=3c762aeac4cfe281c2102bc6869e9851d83c98bd8b2056a11a565ceb4b2bd95bs%3A32%3A%224sHtI9LNxVPEmFWb9bXWmfhQuzQk_BY2%22%3B',
  'PHP_SELF' => '/index.php',
  'REQUEST_TIME_FLOAT' => 1399976613.6324871,
  'REQUEST_TIME' => 1399976613,
)
2014-05-13 18:25:17 [127.0.0.1][-][-][error][yii\web\HttpException:404] exception 'yii\base\InvalidRouteException' with message 'Unable to resolve the request "".' in /var/www/html/composeryiitwodemo/vendor/yiisoft/yii2/base/Module.php:429
Stack trace:
#0 /var/www/html/composeryiitwodemo/vendor/yiisoft/yii2/web/Application.php(82): yii\base\Module->runAction('', Array)
#1 /var/www/html/composeryiitwodemo/vendor/yiisoft/yii2/base/Application.php(353): yii\web\Application->handleRequest(Object(yii\web\Request))
#2 /var/www/html/composeryiitwodemo/front/web/index.php(14): yii\base\Application->run()
#3 {main}

Next exception 'yii\web\NotFoundHttpException' with message 'Unable to resolve the request "".' in /var/www/html/composeryiitwodemo/vendor/yiisoft/yii2/web/Application.php:94
Stack trace:
#0 /var/www/html/composeryiitwodemo/vendor/yiisoft/yii2/base/Application.php(353): yii\web\Application->handleRequest(Object(yii\web\Request))
#1 /var/www/html/composeryiitwodemo/front/web/index.php(14): yii\base\Application->run()
#2 {main}
2014-05-13 18:25:17 [127.0.0.1][-][-][info][application] $_COOKIE = array (
  'rrfI_b1d4_saltkey' => 'OqVeTplh',
  'rrfI_b1d4_lastvisit' => '1399509018',
  'rrfI_b1d4_ulastactivity' => '9e3aMp9tXT5kf9Em5Pwy9sIglFVvFbEmMEktczSJ7KOIyc16kE+N',
  'rrfI_b1d4_auth' => 'f952gno8RhZgpwjCdY+71ke5KXWGxfSnf5HozwNJibe5HLElpUZ7wqJFzqGL8Q+HnOlG96VE2LLkIyO8F2tx',
  'autofill_type' => 'CB',
  'rrfI_b1d4_visitedfid' => '48',
  'cookieId' => '3bc3873d4ce44440b7e702b07c98f45c',
  'sessionId' => 'fe6e09c088d545c4bd51672434c5f8ad',
  'rrfI_b1d4_forum_lastvisit' => 'D_48_1399515255',
  'BAIDU_CLB_REFER' => 'http://10.10.99.220/index.php?r=www/index',
  '-zdm_b5m_com-activeTimes' => '1',
  '-zdm_b5m_com-lastActiveTime' => '1399546858379',
  '-gzx_b5m_com-activeTimes' => '3',
  '-gzx_b5m_com-lastActiveTime' => '1399862404172',
  '-ucenter_b5m_com-activeTimes' => '3',
  '-ucenter_b5m_com-lastActiveTime' => '1399883155001',
  'token' => '9d9ab0f074b5480f8081fc77ebbcaf27',
  'name' => '""',
  'nickname' => 'weiyan04',
  'email' => 'weiyan04@126.com',
  'login' => 'true',
  'avatar' => '""',
  'showname' => 'weiyan04',
  '-pre_b5m_com-activeTimes' => '5',
  '-pre_b5m_com-lastActiveTime' => '1399968750193',
  'count-prod-date' => '224389632',
  'rrfI_b1d4_sid' => 'U9oRal',
  'rrfI_b1d4_lip' => '10.10.99.108,1399969296',
  'rrfI_b1d4_lastact' => '1399969302	lottery.php	week',
  '-www_b5m_com-activeTimes' => '4',
  '-www_b5m_com-lastActiveTime' => '1399969302851',
  'Hm_lvt_12f262996fc81e00f6abfc009a515ac9' => '1399543338,1399690256,1399690258,1399957580',
  'Hm_lpvt_12f262996fc81e00f6abfc009a515ac9' => '1399969303',
  '__auc' => 'c98dbc78145d99bfdefe9aae3f6',
  '_csrf' => '3c762aeac4cfe281c2102bc6869e9851d83c98bd8b2056a11a565ceb4b2bd95bs:32:"4sHtI9LNxVPEmFWb9bXWmfhQuzQk_BY2";',
)

$_SERVER = array (
  'USER' => 'www',
  'HOME' => '/home/www',
  'FCGI_ROLE' => 'RESPONDER',
  'SCRIPT_FILENAME' => '/var/www/html/composeryiitwodemo/front/web/index.php',
  'QUERY_STRING' => '',
  'REQUEST_METHOD' => 'GET',
  'CONTENT_TYPE' => '',
  'CONTENT_LENGTH' => '',
  'SCRIPT_NAME' => '/index.php',
  'REQUEST_URI' => '/',
  'DOCUMENT_URI' => '/index.php',
  'DOCUMENT_ROOT' => '/var/www/html/composeryiitwodemo/front/web',
  'SERVER_PROTOCOL' => 'HTTP/1.1',
  'GATEWAY_INTERFACE' => 'CGI/1.1',
  'SERVER_SOFTWARE' => 'nginx/1.4.2',
  'REMOTE_ADDR' => '127.0.0.1',
  'REMOTE_PORT' => '40425',
  'SERVER_ADDR' => '127.0.0.1',
  'SERVER_PORT' => '80',
  'SERVER_NAME' => 'composeryiitwodemo.b5m.com',
  'REDIRECT_STATUS' => '200',
  'HTTP_HOST' => 'composeryiitwodemo.b5m.com',
  'HTTP_CONNECTION' => 'keep-alive',
  'HTTP_CACHE_CONTROL' => 'max-age=0',
  'HTTP_ACCEPT' => 'text/html,application/xhtml+xml,application/xml;q=0.9,image/webp,*/*;q=0.8',
  'HTTP_USER_AGENT' => 'Mozilla/5.0 (X11; Linux x86_64) AppleWebKit/537.36 (KHTML, like Gecko) Chrome/34.0.1847.132 Safari/537.36',
  'HTTP_ACCEPT_ENCODING' => 'gzip,deflate,sdch',
  'HTTP_ACCEPT_LANGUAGE' => 'zh-CN,zh;q=0.8,ja;q=0.6,zh-TW;q=0.4',
  'HTTP_COOKIE' => 'rrfI_b1d4_saltkey=OqVeTplh; rrfI_b1d4_lastvisit=1399509018; rrfI_b1d4_ulastactivity=9e3aMp9tXT5kf9Em5Pwy9sIglFVvFbEmMEktczSJ7KOIyc16kE%2BN; rrfI_b1d4_auth=f952gno8RhZgpwjCdY%2B71ke5KXWGxfSnf5HozwNJibe5HLElpUZ7wqJFzqGL8Q%2BHnOlG96VE2LLkIyO8F2tx; autofill_type=CB; rrfI_b1d4_visitedfid=48; cookieId=3bc3873d4ce44440b7e702b07c98f45c; sessionId=fe6e09c088d545c4bd51672434c5f8ad; rrfI_b1d4_forum_lastvisit=D_48_1399515255; BAIDU_CLB_REFER=http%3A%2F%2F10.10.99.220%2Findex.php%3Fr%3Dwww%2Findex; -zdm.b5m.com-activeTimes=1; -zdm.b5m.com-lastActiveTime=1399546858379; -gzx.b5m.com-activeTimes=3; -gzx.b5m.com-lastActiveTime=1399862404172; -ucenter.b5m.com-activeTimes=3; -ucenter.b5m.com-lastActiveTime=1399883155001; token=9d9ab0f074b5480f8081fc77ebbcaf27; name=""; nickname=weiyan04; email=weiyan04%40126.com; login=true; avatar=""; showname=weiyan04; -pre.b5m.com-activeTimes=5; -pre.b5m.com-lastActiveTime=1399968750193; count-prod-date=224389632; rrfI_b1d4_sid=U9oRal; rrfI_b1d4_lip=10.10.99.108%2C1399969296; rrfI_b1d4_lastact=1399969302%09lottery.php%09week; -www.b5m.com-activeTimes=4; -www.b5m.com-lastActiveTime=1399969302851; Hm_lvt_12f262996fc81e00f6abfc009a515ac9=1399543338,1399690256,1399690258,1399957580; Hm_lpvt_12f262996fc81e00f6abfc009a515ac9=1399969303; __auc=c98dbc78145d99bfdefe9aae3f6; _csrf=3c762aeac4cfe281c2102bc6869e9851d83c98bd8b2056a11a565ceb4b2bd95bs%3A32%3A%224sHtI9LNxVPEmFWb9bXWmfhQuzQk_BY2%22%3B',
  'PHP_SELF' => '/index.php',
  'REQUEST_TIME_FLOAT' => 1399976717.2923369,
  'REQUEST_TIME' => 1399976717,
)
2014-05-13 20:33:19 [127.0.0.1][-][8it9ul388pq9tok7ch31830kp0][error][yii\base\InvalidConfigException] exception 'yii\base\InvalidConfigException' with message 'GD with FreeType or ImageMagick PHP extensions are required.' in /var/www/html/yii2demo/composeryiitwodemo/vendor/yiisoft/yii2/captcha/Captcha.php:146
Stack trace:
#0 /var/www/html/yii2demo/composeryiitwodemo/vendor/yiisoft/yii2/captcha/Captcha.php(67): yii\captcha\Captcha::checkRequirements()
#1 /var/www/html/yii2demo/composeryiitwodemo/vendor/yiisoft/yii2/base/Object.php(106): yii\captcha\Captcha->init()
#2 [internal function]: yii\base\Object->__construct(Array)
#3 /var/www/html/yii2demo/composeryiitwodemo/vendor/yiisoft/yii2/di/Container.php(365): ReflectionClass->newInstanceArgs(Array)
#4 /var/www/html/yii2demo/composeryiitwodemo/vendor/yiisoft/yii2/di/Container.php(147): yii\di\Container->build('yii\captcha\Cap...', Array, Array)
#5 /var/www/html/yii2demo/composeryiitwodemo/vendor/yiisoft/yii2/BaseYii.php(341): yii\di\Container->get('yii\captcha\Cap...', Array, Array)
#6 /var/www/html/yii2demo/composeryiitwodemo/vendor/yiisoft/yii2/base/Widget.php(96): yii\BaseYii::createObject(Array)
#7 /var/www/html/yii2demo/composeryiitwodemo/vendor/yiisoft/yii2/widgets/ActiveField.php(654): yii\base\Widget::widget(Array)
#8 /var/www/html/yii2demo/composeryiitwodemo/front/app/views/site/contact.php(49): yii\widgets\ActiveField->widget('yii\captcha\Cap...', Array)
#9 /var/www/html/yii2demo/composeryiitwodemo/vendor/yiisoft/yii2/base/View.php(313): require('/var/www/html/y...')
#10 /var/www/html/yii2demo/composeryiitwodemo/vendor/yiisoft/yii2/base/View.php(245): yii\base\View->renderPhpFile('/var/www/html/y...', Array)
#11 /var/www/html/yii2demo/composeryiitwodemo/vendor/yiisoft/yii2/base/View.php(147): yii\base\View->renderFile('/var/www/html/y...', Array, Object(app\controllers\SiteController))
#12 /var/www/html/yii2demo/composeryiitwodemo/vendor/yiisoft/yii2/base/Controller.php(362): yii\base\View->render('contact', Array, Object(app\controllers\SiteController))
#13 /var/www/html/yii2demo/composeryiitwodemo/front/app/controllers/SiteController.php(88): yii\base\Controller->render('contact', Array)
#14 [internal function]: app\controllers\SiteController->actionContact()
#15 /var/www/html/yii2demo/composeryiitwodemo/vendor/yiisoft/yii2/base/InlineAction.php(54): call_user_func_array(Array, Array)
#16 /var/www/html/yii2demo/composeryiitwodemo/vendor/yiisoft/yii2/base/Controller.php(147): yii\base\InlineAction->runWithParams(Array)
#17 /var/www/html/yii2demo/composeryiitwodemo/vendor/yiisoft/yii2/base/Module.php(423): yii\base\Controller->runAction('contact', Array)
#18 /var/www/html/yii2demo/composeryiitwodemo/vendor/yiisoft/yii2/web/Application.php(82): yii\base\Module->runAction('site/contact', Array)
#19 /var/www/html/yii2demo/composeryiitwodemo/vendor/yiisoft/yii2/base/Application.php(353): yii\web\Application->handleRequest(Object(yii\web\Request))
#20 /var/www/html/yii2demo/composeryiitwodemo/front/web/index.php(14): yii\base\Application->run()
#21 {main}
2014-05-13 20:33:19 [127.0.0.1][-][8it9ul388pq9tok7ch31830kp0][info][application] $_GET = array (
  'r' => 'site/contact',
)

$_COOKIE = array (
  'rrfI_b1d4_saltkey' => 'OqVeTplh',
  'rrfI_b1d4_lastvisit' => '1399509018',
  'rrfI_b1d4_ulastactivity' => '9e3aMp9tXT5kf9Em5Pwy9sIglFVvFbEmMEktczSJ7KOIyc16kE+N',
  'rrfI_b1d4_auth' => 'f952gno8RhZgpwjCdY+71ke5KXWGxfSnf5HozwNJibe5HLElpUZ7wqJFzqGL8Q+HnOlG96VE2LLkIyO8F2tx',
  'autofill_type' => 'CB',
  'rrfI_b1d4_visitedfid' => '48',
  'cookieId' => '3bc3873d4ce44440b7e702b07c98f45c',
  'sessionId' => 'fe6e09c088d545c4bd51672434c5f8ad',
  'rrfI_b1d4_forum_lastvisit' => 'D_48_1399515255',
  'BAIDU_CLB_REFER' => 'http://10.10.99.220/index.php?r=www/index',
  '-zdm_b5m_com-activeTimes' => '1',
  '-zdm_b5m_com-lastActiveTime' => '1399546858379',
  '-gzx_b5m_com-activeTimes' => '3',
  '-gzx_b5m_com-lastActiveTime' => '1399862404172',
  '-ucenter_b5m_com-activeTimes' => '3',
  '-ucenter_b5m_com-lastActiveTime' => '1399883155001',
  'token' => '9d9ab0f074b5480f8081fc77ebbcaf27',
  'name' => '""',
  'nickname' => 'weiyan04',
  'email' => 'weiyan04@126.com',
  'login' => 'true',
  'avatar' => '""',
  'showname' => 'weiyan04',
  '-pre_b5m_com-activeTimes' => '5',
  '-pre_b5m_com-lastActiveTime' => '1399968750193',
  'count-prod-date' => '224389632',
  'rrfI_b1d4_sid' => 'U9oRal',
  'rrfI_b1d4_lip' => '10.10.99.108,1399969296',
  'rrfI_b1d4_lastact' => '1399969302	lottery.php	week',
  '-www_b5m_com-activeTimes' => '4',
  '-www_b5m_com-lastActiveTime' => '1399969302851',
  'Hm_lvt_12f262996fc81e00f6abfc009a515ac9' => '1399543338,1399690256,1399690258,1399957580',
  'Hm_lpvt_12f262996fc81e00f6abfc009a515ac9' => '1399969303',
  '__auc' => 'c98dbc78145d99bfdefe9aae3f6',
  '_csrf' => '3c762aeac4cfe281c2102bc6869e9851d83c98bd8b2056a11a565ceb4b2bd95bs:32:"4sHtI9LNxVPEmFWb9bXWmfhQuzQk_BY2";',
)

$_SESSION = array (
  '__flash' => 
  array (
  ),
)

$_SERVER = array (
  'USER' => 'www',
  'HOME' => '/home/www',
  'FCGI_ROLE' => 'RESPONDER',
  'SCRIPT_FILENAME' => '/var/www/html/yii2demo/composeryiitwodemo/front/web/index.php',
  'QUERY_STRING' => 'r=site/contact',
  'REQUEST_METHOD' => 'GET',
  'CONTENT_TYPE' => '',
  'CONTENT_LENGTH' => '',
  'SCRIPT_NAME' => '/index.php',
  'REQUEST_URI' => '/index.php?r=site/contact',
  'DOCUMENT_URI' => '/index.php',
  'DOCUMENT_ROOT' => '/var/www/html/yii2demo/composeryiitwodemo/front/web',
  'SERVER_PROTOCOL' => 'HTTP/1.1',
  'GATEWAY_INTERFACE' => 'CGI/1.1',
  'SERVER_SOFTWARE' => 'nginx/1.4.2',
  'REMOTE_ADDR' => '127.0.0.1',
  'REMOTE_PORT' => '41232',
  'SERVER_ADDR' => '127.0.0.1',
  'SERVER_PORT' => '80',
  'SERVER_NAME' => 'composeryiitwodemo.b5m.com',
  'REDIRECT_STATUS' => '200',
  'HTTP_HOST' => 'composeryiitwodemo.b5m.com',
  'HTTP_CONNECTION' => 'keep-alive',
  'HTTP_ACCEPT' => 'text/html,application/xhtml+xml,application/xml;q=0.9,image/webp,*/*;q=0.8',
  'HTTP_USER_AGENT' => 'Mozilla/5.0 (X11; Linux x86_64) AppleWebKit/537.36 (KHTML, like Gecko) Chrome/34.0.1847.132 Safari/537.36',
  'HTTP_REFERER' => 'http://composeryiitwodemo.b5m.com/index.php?r=site/about',
  'HTTP_ACCEPT_ENCODING' => 'gzip,deflate,sdch',
  'HTTP_ACCEPT_LANGUAGE' => 'zh-CN,zh;q=0.8,ja;q=0.6,zh-TW;q=0.4',
  'HTTP_COOKIE' => 'rrfI_b1d4_saltkey=OqVeTplh; rrfI_b1d4_lastvisit=1399509018; rrfI_b1d4_ulastactivity=9e3aMp9tXT5kf9Em5Pwy9sIglFVvFbEmMEktczSJ7KOIyc16kE%2BN; rrfI_b1d4_auth=f952gno8RhZgpwjCdY%2B71ke5KXWGxfSnf5HozwNJibe5HLElpUZ7wqJFzqGL8Q%2BHnOlG96VE2LLkIyO8F2tx; autofill_type=CB; rrfI_b1d4_visitedfid=48; cookieId=3bc3873d4ce44440b7e702b07c98f45c; sessionId=fe6e09c088d545c4bd51672434c5f8ad; rrfI_b1d4_forum_lastvisit=D_48_1399515255; BAIDU_CLB_REFER=http%3A%2F%2F10.10.99.220%2Findex.php%3Fr%3Dwww%2Findex; -zdm.b5m.com-activeTimes=1; -zdm.b5m.com-lastActiveTime=1399546858379; -gzx.b5m.com-activeTimes=3; -gzx.b5m.com-lastActiveTime=1399862404172; -ucenter.b5m.com-activeTimes=3; -ucenter.b5m.com-lastActiveTime=1399883155001; token=9d9ab0f074b5480f8081fc77ebbcaf27; name=""; nickname=weiyan04; email=weiyan04%40126.com; login=true; avatar=""; showname=weiyan04; -pre.b5m.com-activeTimes=5; -pre.b5m.com-lastActiveTime=1399968750193; count-prod-date=224389632; rrfI_b1d4_sid=U9oRal; rrfI_b1d4_lip=10.10.99.108%2C1399969296; rrfI_b1d4_lastact=1399969302%09lottery.php%09week; -www.b5m.com-activeTimes=4; -www.b5m.com-lastActiveTime=1399969302851; Hm_lvt_12f262996fc81e00f6abfc009a515ac9=1399543338,1399690256,1399690258,1399957580; Hm_lpvt_12f262996fc81e00f6abfc009a515ac9=1399969303; __auc=c98dbc78145d99bfdefe9aae3f6; _csrf=3c762aeac4cfe281c2102bc6869e9851d83c98bd8b2056a11a565ceb4b2bd95bs%3A32%3A%224sHtI9LNxVPEmFWb9bXWmfhQuzQk_BY2%22%3B',
  'PHP_SELF' => '/index.php',
  'REQUEST_TIME_FLOAT' => 1399984399.3575981,
  'REQUEST_TIME' => 1399984399,
)
2014-05-13 20:33:27 [127.0.0.1][-][8it9ul388pq9tok7ch31830kp0][error][yii\base\InvalidConfigException] exception 'yii\base\InvalidConfigException' with message 'GD with FreeType or ImageMagick PHP extensions are required.' in /var/www/html/yii2demo/composeryiitwodemo/vendor/yiisoft/yii2/captcha/Captcha.php:146
Stack trace:
#0 /var/www/html/yii2demo/composeryiitwodemo/vendor/yiisoft/yii2/captcha/Captcha.php(67): yii\captcha\Captcha::checkRequirements()
#1 /var/www/html/yii2demo/composeryiitwodemo/vendor/yiisoft/yii2/base/Object.php(106): yii\captcha\Captcha->init()
#2 [internal function]: yii\base\Object->__construct(Array)
#3 /var/www/html/yii2demo/composeryiitwodemo/vendor/yiisoft/yii2/di/Container.php(365): ReflectionClass->newInstanceArgs(Array)
#4 /var/www/html/yii2demo/composeryiitwodemo/vendor/yiisoft/yii2/di/Container.php(147): yii\di\Container->build('yii\captcha\Cap...', Array, Array)
#5 /var/www/html/yii2demo/composeryiitwodemo/vendor/yiisoft/yii2/BaseYii.php(341): yii\di\Container->get('yii\captcha\Cap...', Array, Array)
#6 /var/www/html/yii2demo/composeryiitwodemo/vendor/yiisoft/yii2/base/Widget.php(96): yii\BaseYii::createObject(Array)
#7 /var/www/html/yii2demo/composeryiitwodemo/vendor/yiisoft/yii2/widgets/ActiveField.php(654): yii\base\Widget::widget(Array)
#8 /var/www/html/yii2demo/composeryiitwodemo/front/app/views/site/contact.php(49): yii\widgets\ActiveField->widget('yii\captcha\Cap...', Array)
#9 /var/www/html/yii2demo/composeryiitwodemo/vendor/yiisoft/yii2/base/View.php(313): require('/var/www/html/y...')
#10 /var/www/html/yii2demo/composeryiitwodemo/vendor/yiisoft/yii2/base/View.php(245): yii\base\View->renderPhpFile('/var/www/html/y...', Array)
#11 /var/www/html/yii2demo/composeryiitwodemo/vendor/yiisoft/yii2/base/View.php(147): yii\base\View->renderFile('/var/www/html/y...', Array, Object(app\controllers\SiteController))
#12 /var/www/html/yii2demo/composeryiitwodemo/vendor/yiisoft/yii2/base/Controller.php(362): yii\base\View->render('contact', Array, Object(app\controllers\SiteController))
#13 /var/www/html/yii2demo/composeryiitwodemo/front/app/controllers/SiteController.php(88): yii\base\Controller->render('contact', Array)
#14 [internal function]: app\controllers\SiteController->actionContact()
#15 /var/www/html/yii2demo/composeryiitwodemo/vendor/yiisoft/yii2/base/InlineAction.php(54): call_user_func_array(Array, Array)
#16 /var/www/html/yii2demo/composeryiitwodemo/vendor/yiisoft/yii2/base/Controller.php(147): yii\base\InlineAction->runWithParams(Array)
#17 /var/www/html/yii2demo/composeryiitwodemo/vendor/yiisoft/yii2/base/Module.php(423): yii\base\Controller->runAction('contact', Array)
#18 /var/www/html/yii2demo/composeryiitwodemo/vendor/yiisoft/yii2/web/Application.php(82): yii\base\Module->runAction('site/contact', Array)
#19 /var/www/html/yii2demo/composeryiitwodemo/vendor/yiisoft/yii2/base/Application.php(353): yii\web\Application->handleRequest(Object(yii\web\Request))
#20 /var/www/html/yii2demo/composeryiitwodemo/front/web/index.php(14): yii\base\Application->run()
#21 {main}
2014-05-13 20:33:27 [127.0.0.1][-][8it9ul388pq9tok7ch31830kp0][info][application] $_GET = array (
  'r' => 'site/contact',
)

$_COOKIE = array (
  'rrfI_b1d4_saltkey' => 'OqVeTplh',
  'rrfI_b1d4_lastvisit' => '1399509018',
  'rrfI_b1d4_ulastactivity' => '9e3aMp9tXT5kf9Em5Pwy9sIglFVvFbEmMEktczSJ7KOIyc16kE+N',
  'rrfI_b1d4_auth' => 'f952gno8RhZgpwjCdY+71ke5KXWGxfSnf5HozwNJibe5HLElpUZ7wqJFzqGL8Q+HnOlG96VE2LLkIyO8F2tx',
  'autofill_type' => 'CB',
  'rrfI_b1d4_visitedfid' => '48',
  'cookieId' => '3bc3873d4ce44440b7e702b07c98f45c',
  'sessionId' => 'fe6e09c088d545c4bd51672434c5f8ad',
  'rrfI_b1d4_forum_lastvisit' => 'D_48_1399515255',
  'BAIDU_CLB_REFER' => 'http://10.10.99.220/index.php?r=www/index',
  '-zdm_b5m_com-activeTimes' => '1',
  '-zdm_b5m_com-lastActiveTime' => '1399546858379',
  '-gzx_b5m_com-activeTimes' => '3',
  '-gzx_b5m_com-lastActiveTime' => '1399862404172',
  '-ucenter_b5m_com-activeTimes' => '3',
  '-ucenter_b5m_com-lastActiveTime' => '1399883155001',
  'token' => '9d9ab0f074b5480f8081fc77ebbcaf27',
  'name' => '""',
  'nickname' => 'weiyan04',
  'email' => 'weiyan04@126.com',
  'login' => 'true',
  'avatar' => '""',
  'showname' => 'weiyan04',
  '-pre_b5m_com-activeTimes' => '5',
  '-pre_b5m_com-lastActiveTime' => '1399968750193',
  'count-prod-date' => '224389632',
  'rrfI_b1d4_sid' => 'U9oRal',
  'rrfI_b1d4_lip' => '10.10.99.108,1399969296',
  'rrfI_b1d4_lastact' => '1399969302	lottery.php	week',
  '-www_b5m_com-activeTimes' => '4',
  '-www_b5m_com-lastActiveTime' => '1399969302851',
  'Hm_lvt_12f262996fc81e00f6abfc009a515ac9' => '1399543338,1399690256,1399690258,1399957580',
  'Hm_lpvt_12f262996fc81e00f6abfc009a515ac9' => '1399969303',
  '__auc' => 'c98dbc78145d99bfdefe9aae3f6',
  '_csrf' => '3c762aeac4cfe281c2102bc6869e9851d83c98bd8b2056a11a565ceb4b2bd95bs:32:"4sHtI9LNxVPEmFWb9bXWmfhQuzQk_BY2";',
  'PHPSESSID' => '8it9ul388pq9tok7ch31830kp0',
)

$_SESSION = array (
  '__flash' => 
  array (
  ),
)

$_SERVER = array (
  'USER' => 'www',
  'HOME' => '/home/www',
  'FCGI_ROLE' => 'RESPONDER',
  'SCRIPT_FILENAME' => '/var/www/html/yii2demo/composeryiitwodemo/front/web/index.php',
  'QUERY_STRING' => 'r=site/contact',
  'REQUEST_METHOD' => 'GET',
  'CONTENT_TYPE' => '',
  'CONTENT_LENGTH' => '',
  'SCRIPT_NAME' => '/index.php',
  'REQUEST_URI' => '/index.php?r=site/contact',
  'DOCUMENT_URI' => '/index.php',
  'DOCUMENT_ROOT' => '/var/www/html/yii2demo/composeryiitwodemo/front/web',
  'SERVER_PROTOCOL' => 'HTTP/1.1',
  'GATEWAY_INTERFACE' => 'CGI/1.1',
  'SERVER_SOFTWARE' => 'nginx/1.4.2',
  'REMOTE_ADDR' => '127.0.0.1',
  'REMOTE_PORT' => '41232',
  'SERVER_ADDR' => '127.0.0.1',
  'SERVER_PORT' => '80',
  'SERVER_NAME' => 'composeryiitwodemo.b5m.com',
  'REDIRECT_STATUS' => '200',
  'HTTP_HOST' => 'composeryiitwodemo.b5m.com',
  'HTTP_CONNECTION' => 'keep-alive',
  'HTTP_ACCEPT' => 'text/html,application/xhtml+xml,application/xml;q=0.9,image/webp,*/*;q=0.8',
  'HTTP_USER_AGENT' => 'Mozilla/5.0 (X11; Linux x86_64) AppleWebKit/537.36 (KHTML, like Gecko) Chrome/34.0.1847.132 Safari/537.36',
  'HTTP_REFERER' => 'http://composeryiitwodemo.b5m.com/index.php?r=site/about',
  'HTTP_ACCEPT_ENCODING' => 'gzip,deflate,sdch',
  'HTTP_ACCEPT_LANGUAGE' => 'zh-CN,zh;q=0.8,ja;q=0.6,zh-TW;q=0.4',
  'HTTP_COOKIE' => 'rrfI_b1d4_saltkey=OqVeTplh; rrfI_b1d4_lastvisit=1399509018; rrfI_b1d4_ulastactivity=9e3aMp9tXT5kf9Em5Pwy9sIglFVvFbEmMEktczSJ7KOIyc16kE%2BN; rrfI_b1d4_auth=f952gno8RhZgpwjCdY%2B71ke5KXWGxfSnf5HozwNJibe5HLElpUZ7wqJFzqGL8Q%2BHnOlG96VE2LLkIyO8F2tx; autofill_type=CB; rrfI_b1d4_visitedfid=48; cookieId=3bc3873d4ce44440b7e702b07c98f45c; sessionId=fe6e09c088d545c4bd51672434c5f8ad; rrfI_b1d4_forum_lastvisit=D_48_1399515255; BAIDU_CLB_REFER=http%3A%2F%2F10.10.99.220%2Findex.php%3Fr%3Dwww%2Findex; -zdm.b5m.com-activeTimes=1; -zdm.b5m.com-lastActiveTime=1399546858379; -gzx.b5m.com-activeTimes=3; -gzx.b5m.com-lastActiveTime=1399862404172; -ucenter.b5m.com-activeTimes=3; -ucenter.b5m.com-lastActiveTime=1399883155001; token=9d9ab0f074b5480f8081fc77ebbcaf27; name=""; nickname=weiyan04; email=weiyan04%40126.com; login=true; avatar=""; showname=weiyan04; -pre.b5m.com-activeTimes=5; -pre.b5m.com-lastActiveTime=1399968750193; count-prod-date=224389632; rrfI_b1d4_sid=U9oRal; rrfI_b1d4_lip=10.10.99.108%2C1399969296; rrfI_b1d4_lastact=1399969302%09lottery.php%09week; -www.b5m.com-activeTimes=4; -www.b5m.com-lastActiveTime=1399969302851; Hm_lvt_12f262996fc81e00f6abfc009a515ac9=1399543338,1399690256,1399690258,1399957580; Hm_lpvt_12f262996fc81e00f6abfc009a515ac9=1399969303; __auc=c98dbc78145d99bfdefe9aae3f6; _csrf=3c762aeac4cfe281c2102bc6869e9851d83c98bd8b2056a11a565ceb4b2bd95bs%3A32%3A%224sHtI9LNxVPEmFWb9bXWmfhQuzQk_BY2%22%3B; PHPSESSID=8it9ul388pq9tok7ch31830kp0',
  'PHP_SELF' => '/index.php',
  'REQUEST_TIME_FLOAT' => 1399984407.637727,
  'REQUEST_TIME' => 1399984407,
)
